{"meta": {"format": 3, "version": "7.14.1", "timestamp": "2026-06-19T20:49:26.448909", "branch_coverage": false, "show_contexts": false}, "files": {"chat_client.py": {"executed_lines": [], "summary": {"covered_lines": 0, "num_statements": 74, "percent_covered": 0.0, "percent_covered_display": "0", "missing_lines": 74, "excluded_lines": 0, "percent_statements_covered": 0.0, "percent_statements_covered_display": "0"}, "missing_lines": [21, 23, 25, 26, 29, 30, 36, 37, 43, 44, 45, 46, 48, 55, 56, 57, 58, 60, 62, 63, 66, 69, 70, 71, 72, 74, 75, 77, 78, 79, 80, 82, 83, 84, 85, 86, 87, 92, 93, 94, 95, 96, 97, 98, 99, 100, 101, 102, 103, 104, 105, 106, 107, 108, 109, 110, 111, 112, 114, 115, 125, 126, 127, 129, 136, 138, 139, 140, 141, 144, 145, 146, 149, 150], "excluded_lines": [], "functions": {"_reset": {"executed_lines": [], "summary": {"covered_lines": 0, "num_statements": 1, "percent_covered": 0.0, "percent_covered_display": "0", "missing_lines": 1, "excluded_lines": 0, "percent_statements_covered": 0.0, "percent_statements_covered_display": "0"}, "missing_lines": [30], "excluded_lines": [], "start_line": 29}, "_print_ready": {"executed_lines": [], "summary": {"covered_lines": 0, "num_statements": 1, "percent_covered": 0.0, "percent_covered_display": "0", "missing_lines": 1, "excluded_lines": 0, "percent_statements_covered": 0.0, "percent_statements_covered_display": "0"}, "missing_lines": [37], "excluded_lines": [], "start_line": 36}, "main": {"executed_lines": [], "summary": {"covered_lines": 0, "num_statements": 63, "percent_covered": 0.0, "percent_covered_display": "0", "missing_lines": 63, "excluded_lines": 0, "percent_statements_covered": 0.0, "percent_statements_covered_display": "0"}, "missing_lines": [44, 45, 46, 48, 55, 56, 57, 58, 60, 62, 63, 66, 69, 70, 71, 72, 74, 75, 77, 78, 79, 80, 82, 83, 84, 85, 86, 87, 92, 93, 94, 95, 96, 97, 98, 99, 100, 101, 102, 103, 104, 105, 106, 107, 108, 109, 110, 111, 112, 114, 115, 125, 126, 127, 129, 136, 138, 139, 140, 141, 144, 145, 146], "excluded_lines": [], "start_line": 43}, "": {"executed_lines": [], "summary": {"covered_lines": 0, "num_statements": 9, "percent_covered": 0.0, "percent_covered_display": "0", "missing_lines": 9, "excluded_lines": 0, "percent_statements_covered": 0.0, "percent_statements_covered_display": "0"}, "missing_lines": [21, 23, 25, 26, 29, 36, 43, 149, 150], "excluded_lines": [], "start_line": 1}}, "classes": {"": {"executed_lines": [], "summary": {"covered_lines": 0, "num_statements": 74, "percent_covered": 0.0, "percent_covered_display": "0", "missing_lines": 74, "excluded_lines": 0, "percent_statements_covered": 0.0, "percent_statements_covered_display": "0"}, "missing_lines": [21, 23, 25, 26, 29, 30, 36, 37, 43, 44, 45, 46, 48, 55, 56, 57, 58, 60, 62, 63, 66, 69, 70, 71, 72, 74, 75, 77, 78, 79, 80, 82, 83, 84, 85, 86, 87, 92, 93, 94, 95, 96, 97, 98, 99, 100, 101, 102, 103, 104, 105, 106, 107, 108, 109, 110, 111, 112, 114, 115, 125, 126, 127, 129, 136, 138, 139, 140, 141, 144, 145, 146, 149, 150], "excluded_lines": [], "start_line": 1}}}, "chat_utils.py": {"executed_lines": [], "summary": {"covered_lines": 0, "num_statements": 52, "percent_covered": 0.0, "percent_covered_display": "0", "missing_lines": 52, "excluded_lines": 0, "percent_statements_covered": 0.0, "percent_statements_covered_display": "0"}, "missing_lines": [15, 18, 25, 27, 28, 29, 30, 32, 33, 34, 35, 36, 39, 40, 41, 42, 43, 44, 45, 48, 53, 54, 55, 56, 58, 59, 60, 61, 62, 63, 64, 65, 66, 67, 68, 69, 72, 76, 77, 78, 81, 89, 90, 91, 92, 93, 94, 95, 96, 97, 98, 99], "excluded_lines": [], "functions": {"sample_top_p": {"executed_lines": [], "summary": {"covered_lines": 0, "num_statements": 17, "percent_covered": 0.0, "percent_covered_display": "0", "missing_lines": 17, "excluded_lines": 0, "percent_statements_covered": 0.0, "percent_statements_covered_display": "0"}, "missing_lines": [25, 27, 28, 29, 30, 32, 33, 34, 35, 36, 39, 40, 41, 42, 43, 44, 45], "excluded_lines": [], "start_line": 18}, "chat_stop_token_ids": {"executed_lines": [], "summary": {"covered_lines": 0, "num_statements": 16, "percent_covered": 0.0, "percent_covered_display": "0", "missing_lines": 16, "excluded_lines": 0, "percent_statements_covered": 0.0, "percent_statements_covered_display": "0"}, "missing_lines": [53, 54, 55, 56, 58, 59, 60, 61, 62, 63, 64, 65, 66, 67, 68, 69], "excluded_lines": [], "start_line": 48}, "strip_chat_specials": {"executed_lines": [], "summary": {"covered_lines": 0, "num_statements": 3, "percent_covered": 0.0, "percent_covered_display": "0", "missing_lines": 3, "excluded_lines": 0, "percent_statements_covered": 0.0, "percent_statements_covered_display": "0"}, "missing_lines": [76, 77, 78], "excluded_lines": [], "start_line": 72}, "split_thinking": {"executed_lines": [], "summary": {"covered_lines": 0, "num_statements": 11, "percent_covered": 0.0, "percent_covered_display": "0", "missing_lines": 11, "excluded_lines": 0, "percent_statements_covered": 0.0, "percent_statements_covered_display": "0"}, "missing_lines": [89, 90, 91, 92, 93, 94, 95, 96, 97, 98, 99], "excluded_lines": [], "start_line": 81}, "": {"executed_lines": [], "summary": {"covered_lines": 0, "num_statements": 5, "percent_covered": 0.0, "percent_covered_display": "0", "missing_lines": 5, "excluded_lines": 0, "percent_statements_covered": 0.0, "percent_statements_covered_display": "0"}, "missing_lines": [15, 18, 48, 72, 81], "excluded_lines": [], "start_line": 1}}, "classes": {"": {"executed_lines": [], "summary": {"covered_lines": 0, "num_statements": 52, "percent_covered": 0.0, "percent_covered_display": "0", "missing_lines": 52, "excluded_lines": 0, "percent_statements_covered": 0.0, "percent_statements_covered_display": "0"}, "missing_lines": [15, 18, 25, 27, 28, 29, 30, 32, 33, 34, 35, 36, 39, 40, 41, 42, 43, 44, 45, 48, 53, 54, 55, 56, 58, 59, 60, 61, 62, 63, 64, 65, 66, 67, 68, 69, 72, 76, 77, 78, 81, 89, 90, 91, 92, 93, 94, 95, 96, 97, 98, 99], "excluded_lines": [], "start_line": 1}}}, "data_utils.py": {"executed_lines": [], "summary": {"covered_lines": 0, "num_statements": 20, "percent_covered": 0.0, "percent_covered_display": "0", "missing_lines": 20, "excluded_lines": 0, "percent_statements_covered": 0.0, "percent_statements_covered_display": "0"}, "missing_lines": [10, 11, 13, 16, 20, 22, 23, 24, 27, 28, 30, 31, 32, 33, 34, 35, 36, 39, 44, 45], "excluded_lines": [], "functions": {"open_dataset": {"executed_lines": [], "summary": {"covered_lines": 0, "num_statements": 13, "percent_covered": 0.0, "percent_covered_display": "0", "missing_lines": 13, "excluded_lines": 0, "percent_statements_covered": 0.0, "percent_statements_covered_display": "0"}, "missing_lines": [20, 22, 23, 24, 27, 28, 30, 31, 32, 33, 34, 35, 36], "excluded_lines": [], "start_line": 16}, "split_holdout": {"executed_lines": [], "summary": {"covered_lines": 0, "num_statements": 2, "percent_covered": 0.0, "percent_covered_display": "0", "missing_lines": 2, "excluded_lines": 0, "percent_statements_covered": 0.0, "percent_statements_covered_display": "0"}, "missing_lines": [44, 45], "excluded_lines": [], "start_line": 39}, "": {"executed_lines": [], "summary": {"covered_lines": 0, "num_statements": 5, "percent_covered": 0.0, "percent_covered_display": "0", "missing_lines": 5, "excluded_lines": 0, "percent_statements_covered": 0.0, "percent_statements_covered_display": "0"}, "missing_lines": [10, 11, 13, 16, 39], "excluded_lines": [], "start_line": 1}}, "classes": {"": {"executed_lines": [], "summary": {"covered_lines": 0, "num_statements": 20, "percent_covered": 0.0, "percent_covered_display": "0", "missing_lines": 20, "excluded_lines": 0, "percent_statements_covered": 0.0, "percent_statements_covered_display": "0"}, "missing_lines": [10, 11, 13, 16, 20, 22, 23, 24, 27, 28, 30, 31, 32, 33, 34, 35, 36, 39, 44, 45], "excluded_lines": [], "start_line": 1}}}, "infer_modal.py": {"executed_lines": [], "summary": {"covered_lines": 0, "num_statements": 241, "percent_covered": 0.0, "percent_covered_display": "0", "missing_lines": 241, "excluded_lines": 0, "percent_statements_covered": 0.0, "percent_statements_covered_display": "0"}, "missing_lines": [35, 37, 39, 44, 46, 60, 61, 62, 69, 72, 75, 76, 77, 78, 81, 83, 84, 86, 87, 88, 90, 91, 95, 96, 99, 101, 105, 106, 107, 108, 111, 112, 116, 118, 120, 121, 125, 126, 127, 130, 131, 166, 168, 169, 171, 175, 179, 180, 181, 185, 192, 194, 195, 200, 201, 202, 211, 215, 216, 217, 218, 219, 223, 224, 225, 232, 233, 235, 245, 247, 248, 250, 253, 254, 261, 263, 265, 266, 267, 269, 270, 271, 276, 278, 279, 282, 283, 287, 289, 291, 292, 293, 294, 297, 298, 301, 303, 305, 307, 308, 309, 310, 331, 332, 342, 344, 346, 347, 348, 349, 351, 352, 353, 354, 355, 357, 360, 361, 396, 398, 402, 410, 411, 415, 416, 418, 419, 420, 421, 422, 426, 430, 431, 432, 433, 434, 437, 438, 439, 441, 442, 444, 445, 446, 447, 448, 449, 450, 452, 453, 460, 462, 465, 466, 480, 481, 482, 484, 501, 502, 506, 507, 508, 509, 510, 511, 512, 515, 519, 520, 521, 522, 523, 524, 525, 526, 527, 530, 545, 547, 550, 551, 552, 553, 554, 558, 559, 560, 561, 566, 568, 569, 570, 572, 574, 576, 578, 579, 580, 581, 582, 583, 584, 585, 589, 590, 603, 604, 605, 606, 609, 612, 615, 616, 622, 624, 625, 626, 627, 628, 629, 632, 635, 641, 642, 644, 645, 647, 648, 649, 652, 653, 661, 662, 663, 664, 665, 666, 667, 670, 673], "excluded_lines": [], "functions": {"_ckpt_paths": {"executed_lines": [], "summary": {"covered_lines": 0, "num_statements": 4, "percent_covered": 0.0, "percent_covered_display": "0", "missing_lines": 4, "excluded_lines": 0, "percent_statements_covered": 0.0, "percent_statements_covered_display": "0"}, "missing_lines": [75, 76, 77, 78], "excluded_lines": [], "start_line": 72}, "TTTInference.load": {"executed_lines": [], "summary": {"covered_lines": 0, "num_statements": 5, "percent_covered": 0.0, "percent_covered_display": "0", "missing_lines": 5, "excluded_lines": 0, "percent_statements_covered": 0.0, "percent_statements_covered_display": "0"}, "missing_lines": [88, 90, 91, 95, 96], "excluded_lines": [], "start_line": 87}, "TTTInference._set_mode": {"executed_lines": [], "summary": {"covered_lines": 0, "num_statements": 5, "percent_covered": 0.0, "percent_covered_display": "0", "missing_lines": 5, "excluded_lines": 0, "percent_statements_covered": 0.0, "percent_statements_covered_display": "0"}, "missing_lines": [101, 105, 106, 107, 108], "excluded_lines": [], "start_line": 99}, "TTTInference.perplexity": {"executed_lines": [], "summary": {"covered_lines": 0, "num_statements": 7, "percent_covered": 0.0, "percent_covered_display": "0", "missing_lines": 7, "excluded_lines": 0, "percent_statements_covered": 0.0, "percent_statements_covered_display": "0"}, "missing_lines": [116, 118, 120, 121, 125, 126, 127], "excluded_lines": [], "start_line": 112}, "TTTInference.session_perplexity": {"executed_lines": [], "summary": {"covered_lines": 0, "num_statements": 31, "percent_covered": 0.0, "percent_covered_display": "0", "missing_lines": 31, "excluded_lines": 0, "percent_statements_covered": 0.0, "percent_statements_covered_display": "0"}, "missing_lines": [166, 168, 169, 171, 175, 179, 180, 181, 185, 192, 194, 195, 200, 201, 202, 211, 215, 216, 217, 218, 219, 223, 224, 225, 232, 233, 235, 245, 247, 248, 250], "excluded_lines": [], "start_line": 131}, "TTTInference.generate": {"executed_lines": [], "summary": {"covered_lines": 0, "num_statements": 11, "percent_covered": 0.0, "percent_covered_display": "0", "missing_lines": 11, "excluded_lines": 0, "percent_statements_covered": 0.0, "percent_statements_covered_display": "0"}, "missing_lines": [261, 263, 265, 266, 267, 269, 270, 271, 276, 278, 279], "excluded_lines": [], "start_line": 254}, "TTTInference.fetch_holdout_texts": {"executed_lines": [], "summary": {"covered_lines": 0, "num_statements": 6, "percent_covered": 0.0, "percent_covered_display": "0", "missing_lines": 6, "excluded_lines": 0, "percent_statements_covered": 0.0, "percent_statements_covered_display": "0"}, "missing_lines": [287, 289, 291, 292, 293, 294], "excluded_lines": [], "start_line": 283}, "TTTInference.save_session": {"executed_lines": [], "summary": {"covered_lines": 0, "num_statements": 7, "percent_covered": 0.0, "percent_covered_display": "0", "missing_lines": 7, "excluded_lines": 0, "percent_statements_covered": 0.0, "percent_statements_covered_display": "0"}, "missing_lines": [301, 303, 305, 307, 308, 309, 310], "excluded_lines": [], "start_line": 298}, "TTTInference.chat_reset": {"executed_lines": [], "summary": {"covered_lines": 0, "num_statements": 12, "percent_covered": 0.0, "percent_covered_display": "0", "missing_lines": 12, "excluded_lines": 0, "percent_statements_covered": 0.0, "percent_statements_covered_display": "0"}, "missing_lines": [342, 344, 346, 347, 348, 349, 351, 352, 353, 354, 355, 357], "excluded_lines": [], "start_line": 332}, "TTTInference.chat_turn": {"executed_lines": [], "summary": {"covered_lines": 0, "num_statements": 40, "percent_covered": 0.0, "percent_covered_display": "0", "missing_lines": 40, "excluded_lines": 0, "percent_statements_covered": 0.0, "percent_statements_covered_display": "0"}, "missing_lines": [396, 398, 402, 410, 411, 415, 416, 418, 419, 420, 421, 422, 426, 430, 431, 432, 433, 434, 437, 438, 439, 441, 442, 444, 445, 446, 447, 448, 449, 450, 452, 453, 460, 462, 465, 466, 480, 481, 482, 484], "excluded_lines": [], "start_line": 361}, "compare_ppl": {"executed_lines": [], "summary": {"covered_lines": 0, "num_statements": 7, "percent_covered": 0.0, "percent_covered_display": "0", "missing_lines": 7, "excluded_lines": 0, "percent_statements_covered": 0.0, "percent_statements_covered_display": "0"}, "missing_lines": [506, 507, 508, 509, 510, 511, 512], "excluded_lines": [], "start_line": 502}, "_print_paper_preview": {"executed_lines": [], "summary": {"covered_lines": 0, "num_statements": 9, "percent_covered": 0.0, "percent_covered_display": "0", "missing_lines": 9, "excluded_lines": 0, "percent_statements_covered": 0.0, "percent_statements_covered_display": "0"}, "missing_lines": [519, 520, 521, 522, 523, 524, 525, 526, 527], "excluded_lines": [], "start_line": 515}, "_print_session_results": {"executed_lines": [], "summary": {"covered_lines": 0, "num_statements": 26, "percent_covered": 0.0, "percent_covered_display": "0", "missing_lines": 26, "excluded_lines": 0, "percent_statements_covered": 0.0, "percent_statements_covered_display": "0"}, "missing_lines": [545, 547, 550, 551, 552, 553, 554, 558, 559, 560, 561, 566, 568, 569, 570, 572, 574, 576, 578, 579, 580, 581, 582, 583, 584, 585], "excluded_lines": [], "start_line": 530}, "holdout_eval": {"executed_lines": [], "summary": {"covered_lines": 0, "num_statements": 6, "percent_covered": 0.0, "percent_covered_display": "0", "missing_lines": 6, "excluded_lines": 0, "percent_statements_covered": 0.0, "percent_statements_covered_display": "0"}, "missing_lines": [603, 604, 605, 606, 609, 612], "excluded_lines": [], "start_line": 590}, "session_eval": {"executed_lines": [], "summary": {"covered_lines": 0, "num_statements": 9, "percent_covered": 0.0, "percent_covered_display": "0", "missing_lines": 9, "excluded_lines": 0, "percent_statements_covered": 0.0, "percent_statements_covered_display": "0"}, "missing_lines": [622, 624, 625, 626, 627, 628, 629, 632, 635], "excluded_lines": [], "start_line": 616}, "generate_cli": {"executed_lines": [], "summary": {"covered_lines": 0, "num_statements": 5, "percent_covered": 0.0, "percent_covered_display": "0", "missing_lines": 5, "excluded_lines": 0, "percent_statements_covered": 0.0, "percent_statements_covered_display": "0"}, "missing_lines": [644, 645, 647, 648, 649], "excluded_lines": [], "start_line": 642}, "single_paper_eval": {"executed_lines": [], "summary": {"covered_lines": 0, "num_statements": 9, "percent_covered": 0.0, "percent_covered_display": "0", "missing_lines": 9, "excluded_lines": 0, "percent_statements_covered": 0.0, "percent_statements_covered_display": "0"}, "missing_lines": [661, 662, 663, 664, 665, 666, 667, 670, 673], "excluded_lines": [], "start_line": 653}, "": {"executed_lines": [], "summary": {"covered_lines": 0, "num_statements": 42, "percent_covered": 0.0, "percent_covered_display": "0", "missing_lines": 42, "excluded_lines": 0, "percent_statements_covered": 0.0, "percent_statements_covered_display": "0"}, "missing_lines": [35, 37, 39, 44, 46, 60, 61, 62, 69, 72, 81, 83, 84, 86, 87, 99, 111, 112, 130, 131, 253, 254, 282, 283, 297, 298, 331, 332, 360, 361, 501, 502, 515, 530, 589, 590, 615, 616, 641, 642, 652, 653], "excluded_lines": [], "start_line": 1}}, "classes": {"TTTInference": {"executed_lines": [], "summary": {"covered_lines": 0, "num_statements": 124, "percent_covered": 0.0, "percent_covered_display": "0", "missing_lines": 124, "excluded_lines": 0, "percent_statements_covered": 0.0, "percent_statements_covered_display": "0"}, "missing_lines": [88, 90, 91, 95, 96, 101, 105, 106, 107, 108, 116, 118, 120, 121, 125, 126, 127, 166, 168, 169, 171, 175, 179, 180, 181, 185, 192, 194, 195, 200, 201, 202, 211, 215, 216, 217, 218, 219, 223, 224, 225, 232, 233, 235, 245, 247, 248, 250, 261, 263, 265, 266, 267, 269, 270, 271, 276, 278, 279, 287, 289, 291, 292, 293, 294, 301, 303, 305, 307, 308, 309, 310, 342, 344, 346, 347, 348, 349, 351, 352, 353, 354, 355, 357, 396, 398, 402, 410, 411, 415, 416, 418, 419, 420, 421, 422, 426, 430, 431, 432, 433, 434, 437, 438, 439, 441, 442, 444, 445, 446, 447, 448, 449, 450, 452, 453, 460, 462, 465, 466, 480, 481, 482, 484], "excluded_lines": [], "start_line": 83}, "": {"executed_lines": [], "summary": {"covered_lines": 0, "num_statements": 117, "percent_covered": 0.0, "percent_covered_display": "0", "missing_lines": 117, "excluded_lines": 0, "percent_statements_covered": 0.0, "percent_statements_covered_display": "0"}, "missing_lines": [35, 37, 39, 44, 46, 60, 61, 62, 69, 72, 75, 76, 77, 78, 81, 83, 84, 86, 87, 99, 111, 112, 130, 131, 253, 254, 282, 283, 297, 298, 331, 332, 360, 361, 501, 502, 506, 507, 508, 509, 510, 511, 512, 515, 519, 520, 521, 522, 523, 524, 525, 526, 527, 530, 545, 547, 550, 551, 552, 553, 554, 558, 559, 560, 561, 566, 568, 569, 570, 572, 574, 576, 578, 579, 580, 581, 582, 583, 584, 585, 589, 590, 603, 604, 605, 606, 609, 612, 615, 616, 622, 624, 625, 626, 627, 628, 629, 632, 635, 641, 642, 644, 645, 647, 648, 649, 652, 653, 661, 662, 663, 664, 665, 666, 667, 670, 673], "excluded_lines": [], "start_line": 1}}}, "inplace_ttt.py": {"executed_lines": [45, 47, 48, 49, 51, 52, 53, 55, 62, 67, 68, 69, 70, 71, 72, 74, 75, 76, 77, 78, 81, 84, 86, 87, 88, 94, 95, 99, 100, 101, 102, 104, 114, 115, 117, 120, 121, 122, 123, 125, 126, 130, 136, 137, 138, 141, 144, 145, 146, 154, 155, 156, 159, 165, 166, 167, 169, 170, 171, 172, 173, 174, 175, 176, 177, 180, 183, 184, 185, 186, 187, 188, 189, 192, 193, 195, 199, 201, 202, 203, 206, 216, 218, 219, 220, 221, 223, 224, 225, 226, 230, 232, 236, 239, 240, 241, 242, 243, 245, 246, 250, 251, 252, 253, 254, 255, 257, 258, 261, 262, 264, 267, 268, 273, 276, 277, 281, 282, 284, 285, 286, 287, 288, 289, 291, 292, 293, 294, 296, 297, 298, 301, 303, 304, 305, 306, 307, 308, 309, 311, 313, 314, 315, 316, 318, 319, 320, 321, 322, 323, 324, 325, 331, 347, 348, 349, 350, 353, 360, 367, 383, 384, 385, 388, 390, 391, 392, 395, 400, 401, 402, 403, 406, 411, 412, 413, 414, 415, 416, 417, 418, 419, 420, 421, 424, 444, 460, 469, 481, 482, 485, 489, 492, 496, 499, 505, 506, 512, 523, 535, 540, 541, 542, 543, 544, 545, 546, 547, 548, 549, 550, 552, 553, 558, 567, 568, 569, 570, 571, 572, 574, 575, 578, 579, 580, 581, 582, 583, 584, 585, 586, 587, 588], "summary": {"covered_lines": 233, "num_statements": 285, "percent_covered": 81.75438596491227, "percent_covered_display": "82", "missing_lines": 52, "excluded_lines": 0, "percent_statements_covered": 81.75438596491227, "percent_statements_covered_display": "82"}, "missing_lines": [83, 105, 106, 107, 108, 234, 334, 335, 337, 338, 339, 340, 341, 342, 343, 344, 356, 357, 362, 363, 364, 370, 371, 372, 431, 432, 433, 434, 435, 436, 437, 438, 439, 440, 441, 453, 454, 455, 456, 457, 462, 470, 471, 473, 514, 516, 527, 528, 529, 530, 531, 532], "excluded_lines": [], "functions": {"EmbeddingTap.__init__": {"executed_lines": [68, 69, 70, 71, 72], "summary": {"covered_lines": 5, "num_statements": 5, "percent_covered": 100.0, "percent_covered_display": "100", "missing_lines": 0, "excluded_lines": 0, "percent_statements_covered": 100.0, "percent_statements_covered_display": "100"}, "missing_lines": [], "excluded_lines": [], "start_line": 67}, "EmbeddingTap.hook": {"executed_lines": [75, 76, 77, 78, 81, 84], "summary": {"covered_lines": 6, "num_statements": 7, "percent_covered": 85.71428571428571, "percent_covered_display": "86", "missing_lines": 1, "excluded_lines": 0, "percent_statements_covered": 85.71428571428571, "percent_statements_covered_display": "86"}, "missing_lines": [83], "excluded_lines": [], "start_line": 74}, "EmbeddingTap.reset_stream": {"executed_lines": [87, 88], "summary": {"covered_lines": 2, "num_statements": 2, "percent_covered": 100.0, "percent_covered_display": "100", "missing_lines": 0, "excluded_lines": 0, "percent_statements_covered": 100.0, "percent_statements_covered_display": "100"}, "missing_lines": [], "excluded_lines": [], "start_line": 86}, "TTTState.reset": {"executed_lines": [], "summary": {"covered_lines": 0, "num_statements": 4, "percent_covered": 0.0, "percent_covered_display": "0", "missing_lines": 4, "excluded_lines": 0, "percent_statements_covered": 0.0, "percent_statements_covered_display": "0"}, "missing_lines": [105, 106, 107, 108], "excluded_lines": [], "start_line": 104}, "InPlaceTTTMLP.__init__": {"executed_lines": [117, 120, 121, 122, 123, 125, 126, 130, 136, 137, 138, 141, 144, 145, 146, 154, 155, 156], "summary": {"covered_lines": 18, "num_statements": 18, "percent_covered": 100.0, "percent_covered_display": "100", "missing_lines": 0, "excluded_lines": 0, "percent_statements_covered": 100.0, "percent_statements_covered_display": "100"}, "missing_lines": [], "excluded_lines": [], "start_line": 115}, "InPlaceTTTMLP._targets": {"executed_lines": [165, 166, 167, 169, 170, 171, 172, 173, 174, 175, 176, 177], "summary": {"covered_lines": 12, "num_statements": 12, "percent_covered": 100.0, "percent_covered_display": "100", "missing_lines": 0, "excluded_lines": 0, "percent_statements_covered": 100.0, "percent_statements_covered_display": "100"}, "missing_lines": [], "excluded_lines": [], "start_line": 159}, "InPlaceTTTMLP._clip": {"executed_lines": [183, 184, 185, 186, 187, 188, 189], "summary": {"covered_lines": 7, "num_statements": 7, "percent_covered": 100.0, "percent_covered_display": "100", "missing_lines": 0, "excluded_lines": 0, "percent_statements_covered": 100.0, "percent_statements_covered_display": "100"}, "missing_lines": [], "excluded_lines": [], "start_line": 180}, "InPlaceTTTMLP.forward": {"executed_lines": [193, 195, 199, 201, 202, 203], "summary": {"covered_lines": 6, "num_statements": 6, "percent_covered": 100.0, "percent_covered_display": "100", "missing_lines": 0, "excluded_lines": 0, "percent_statements_covered": 100.0, "percent_statements_covered_display": "100"}, "missing_lines": [], "excluded_lines": [], "start_line": 192}, "InPlaceTTTMLP._scan_forward": {"executed_lines": [216, 218, 219, 220, 221, 223, 224, 225, 226, 230, 232, 236, 239, 240, 241, 242, 243, 245, 246, 250, 251, 252, 253, 254, 255, 257, 258, 261, 262, 264, 267, 268, 273], "summary": {"covered_lines": 33, "num_statements": 34, "percent_covered": 97.05882352941177, "percent_covered_display": "97", "missing_lines": 1, "excluded_lines": 0, "percent_statements_covered": 97.05882352941177, "percent_statements_covered_display": "97"}, "missing_lines": [234], "excluded_lines": [], "start_line": 206}, "InPlaceTTTMLP._stream_forward": {"executed_lines": [281, 282, 284, 285, 286, 287, 288, 289, 291, 292, 293, 294, 296, 297, 298, 301, 303, 304, 305, 306, 307, 308, 309, 311], "summary": {"covered_lines": 24, "num_statements": 24, "percent_covered": 100.0, "percent_covered_display": "100", "missing_lines": 0, "excluded_lines": 0, "percent_statements_covered": 100.0, "percent_statements_covered_display": "100"}, "missing_lines": [], "excluded_lines": [], "start_line": 277}, "InPlaceTTTMLP._commit_chunk": {"executed_lines": [314, 315, 316, 318, 319, 320, 321, 322, 323, 324, 325], "summary": {"covered_lines": 11, "num_statements": 11, "percent_covered": 100.0, "percent_covered_display": "100", "missing_lines": 0, "excluded_lines": 0, "percent_statements_covered": 100.0, "percent_statements_covered_display": "100"}, "missing_lines": [], "excluded_lines": [], "start_line": 313}, "patch_model_with_ttt": {"executed_lines": [], "summary": {"covered_lines": 0, "num_statements": 10, "percent_covered": 0.0, "percent_covered_display": "0", "missing_lines": 10, "excluded_lines": 0, "percent_statements_covered": 0.0, "percent_statements_covered_display": "0"}, "missing_lines": [334, 335, 337, 338, 339, 340, 341, 342, 343, 344], "excluded_lines": [], "start_line": 331}, "iter_ttt_modules": {"executed_lines": [348, 349, 350], "summary": {"covered_lines": 3, "num_statements": 3, "percent_covered": 100.0, "percent_covered_display": "100", "missing_lines": 0, "excluded_lines": 0, "percent_statements_covered": 100.0, "percent_statements_covered_display": "100"}, "missing_lines": [], "excluded_lines": [], "start_line": 347}, "set_ttt_evolve": {"executed_lines": [], "summary": {"covered_lines": 0, "num_statements": 2, "percent_covered": 0.0, "percent_covered_display": "0", "missing_lines": 2, "excluded_lines": 0, "percent_statements_covered": 0.0, "percent_statements_covered_display": "0"}, "missing_lines": [356, 357], "excluded_lines": [], "start_line": 353}, "set_ttt_stateful": {"executed_lines": [], "summary": {"covered_lines": 0, "num_statements": 3, "percent_covered": 0.0, "percent_covered_display": "0", "missing_lines": 3, "excluded_lines": 0, "percent_statements_covered": 0.0, "percent_statements_covered_display": "0"}, "missing_lines": [362, 363, 364], "excluded_lines": [], "start_line": 360}, "reset_fast_weights": {"executed_lines": [], "summary": {"covered_lines": 0, "num_statements": 3, "percent_covered": 0.0, "percent_covered_display": "0", "missing_lines": 3, "excluded_lines": 0, "percent_statements_covered": 0.0, "percent_statements_covered_display": "0"}, "missing_lines": [370, 371, 372], "excluded_lines": [], "start_line": 367}, "set_session_mode": {"executed_lines": [384, 385], "summary": {"covered_lines": 2, "num_statements": 2, "percent_covered": 100.0, "percent_covered_display": "100", "missing_lines": 0, "excluded_lines": 0, "percent_statements_covered": 100.0, "percent_statements_covered_display": "100"}, "missing_lines": [], "excluded_lines": [], "start_line": 383}, "reset_session_state": {"executed_lines": [390, 391, 392], "summary": {"covered_lines": 3, "num_statements": 3, "percent_covered": 100.0, "percent_covered_display": "100", "missing_lines": 0, "excluded_lines": 0, "percent_statements_covered": 100.0, "percent_statements_covered_display": "100"}, "missing_lines": [], "excluded_lines": [], "start_line": 388}, "advance_session_state": {"executed_lines": [400, 401, 402, 403], "summary": {"covered_lines": 4, "num_statements": 4, "percent_covered": 100.0, "percent_covered_display": "100", "missing_lines": 0, "excluded_lines": 0, "percent_statements_covered": 100.0, "percent_statements_covered_display": "100"}, "missing_lines": [], "excluded_lines": [], "start_line": 395}, "session_state_norms": {"executed_lines": [411, 412, 413, 414, 415, 416, 417, 418, 419, 420, 421], "summary": {"covered_lines": 11, "num_statements": 11, "percent_covered": 100.0, "percent_covered_display": "100", "missing_lines": 0, "excluded_lines": 0, "percent_statements_covered": 100.0, "percent_statements_covered_display": "100"}, "missing_lines": [], "excluded_lines": [], "start_line": 406}, "stateful_state_norms": {"executed_lines": [], "summary": {"covered_lines": 0, "num_statements": 11, "percent_covered": 0.0, "percent_covered_display": "0", "missing_lines": 11, "excluded_lines": 0, "percent_statements_covered": 0.0, "percent_statements_covered_display": "0"}, "missing_lines": [431, 432, 433, 434, 435, 436, 437, 438, 439, 440, 441], "excluded_lines": [], "start_line": 424}, "stream_pending_progress": {"executed_lines": [], "summary": {"covered_lines": 0, "num_statements": 5, "percent_covered": 0.0, "percent_covered_display": "0", "missing_lines": 5, "excluded_lines": 0, "percent_statements_covered": 0.0, "percent_statements_covered_display": "0"}, "missing_lines": [453, 454, 455, 456, 457], "excluded_lines": [], "start_line": 444}, "export_fast_weights": {"executed_lines": [], "summary": {"covered_lines": 0, "num_statements": 1, "percent_covered": 0.0, "percent_covered_display": "0", "missing_lines": 1, "excluded_lines": 0, "percent_statements_covered": 0.0, "percent_statements_covered_display": "0"}, "missing_lines": [462], "excluded_lines": [], "start_line": 460}, "import_fast_weights": {"executed_lines": [], "summary": {"covered_lines": 0, "num_statements": 3, "percent_covered": 0.0, "percent_covered_display": "0", "missing_lines": 3, "excluded_lines": 0, "percent_statements_covered": 0.0, "percent_statements_covered_display": "0"}, "missing_lines": [470, 471, 473], "excluded_lines": [], "start_line": 469}, "ttt_down_suffixes": {"executed_lines": [489], "summary": {"covered_lines": 1, "num_statements": 1, "percent_covered": 100.0, "percent_covered_display": "100", "missing_lines": 0, "excluded_lines": 0, "percent_statements_covered": 100.0, "percent_statements_covered_display": "100"}, "missing_lines": [], "excluded_lines": [], "start_line": 485}, "strip_peft_prefix": {"executed_lines": [496], "summary": {"covered_lines": 1, "num_statements": 1, "percent_covered": 100.0, "percent_covered_display": "100", "missing_lines": 0, "excluded_lines": 0, "percent_statements_covered": 100.0, "percent_statements_covered_display": "100"}, "missing_lines": [], "excluded_lines": [], "start_line": 492}, "build_lora_target_regex": {"executed_lines": [505, 506], "summary": {"covered_lines": 2, "num_statements": 2, "percent_covered": 100.0, "percent_covered_display": "100", "missing_lines": 0, "excluded_lines": 0, "percent_statements_covered": 100.0, "percent_statements_covered_display": "100"}, "missing_lines": [], "excluded_lines": [], "start_line": 499}, "build_lora_config": {"executed_lines": [], "summary": {"covered_lines": 0, "num_statements": 2, "percent_covered": 0.0, "percent_covered_display": "0", "missing_lines": 2, "excluded_lines": 0, "percent_statements_covered": 0.0, "percent_statements_covered_display": "0"}, "missing_lines": [514, 516], "excluded_lines": [], "start_line": 512}, "unfreeze_ttt_params": {"executed_lines": [], "summary": {"covered_lines": 0, "num_statements": 6, "percent_covered": 0.0, "percent_covered_display": "0", "missing_lines": 6, "excluded_lines": 0, "percent_statements_covered": 0.0, "percent_statements_covered_display": "0"}, "missing_lines": [527, 528, 529, 530, 531, 532], "excluded_lines": [], "start_line": 523}, "build_param_groups": {"executed_lines": [540, 541, 542, 543, 544, 545, 546, 547, 548, 549, 550, 552, 553, 558], "summary": {"covered_lines": 14, "num_statements": 14, "percent_covered": 100.0, "percent_covered_display": "100", "missing_lines": 0, "excluded_lines": 0, "percent_statements_covered": 100.0, "percent_statements_covered_display": "100"}, "missing_lines": [], "excluded_lines": [], "start_line": 535}, "save_ttt_state_dict": {"executed_lines": [568, 569, 570, 571, 572, 574, 575], "summary": {"covered_lines": 7, "num_statements": 7, "percent_covered": 100.0, "percent_covered_display": "100", "missing_lines": 0, "excluded_lines": 0, "percent_statements_covered": 100.0, "percent_statements_covered_display": "100"}, "missing_lines": [], "excluded_lines": [], "start_line": 567}, "load_ttt_state_dict": {"executed_lines": [579, 580, 581, 582, 583, 584, 585, 586, 587, 588], "summary": {"covered_lines": 10, "num_statements": 10, "percent_covered": 100.0, "percent_covered_display": "100", "missing_lines": 0, "excluded_lines": 0, "percent_statements_covered": 100.0, "percent_statements_covered_display": "100"}, "missing_lines": [], "excluded_lines": [], "start_line": 578}, "": {"executed_lines": [45, 47, 48, 49, 51, 52, 53, 55, 62, 67, 74, 86, 94, 95, 99, 100, 101, 102, 104, 114, 115, 159, 180, 192, 206, 276, 277, 313, 331, 347, 353, 360, 367, 383, 388, 395, 406, 424, 444, 460, 469, 481, 482, 485, 492, 499, 512, 523, 535, 567, 578], "summary": {"covered_lines": 51, "num_statements": 51, "percent_covered": 100.0, "percent_covered_display": "100", "missing_lines": 0, "excluded_lines": 0, "percent_statements_covered": 100.0, "percent_statements_covered_display": "100"}, "missing_lines": [], "excluded_lines": [], "start_line": 1}}, "classes": {"EmbeddingTap": {"executed_lines": [68, 69, 70, 71, 72, 75, 76, 77, 78, 81, 84, 87, 88], "summary": {"covered_lines": 13, "num_statements": 14, "percent_covered": 92.85714285714286, "percent_covered_display": "93", "missing_lines": 1, "excluded_lines": 0, "percent_statements_covered": 92.85714285714286, "percent_statements_covered_display": "93"}, "missing_lines": [83], "excluded_lines": [], "start_line": 62}, "TTTState": {"executed_lines": [], "summary": {"covered_lines": 0, "num_statements": 4, "percent_covered": 0.0, "percent_covered_display": "0", "missing_lines": 4, "excluded_lines": 0, "percent_statements_covered": 0.0, "percent_statements_covered_display": "0"}, "missing_lines": [105, 106, 107, 108], "excluded_lines": [], "start_line": 95}, "InPlaceTTTMLP": {"executed_lines": [117, 120, 121, 122, 123, 125, 126, 130, 136, 137, 138, 141, 144, 145, 146, 154, 155, 156, 165, 166, 167, 169, 170, 171, 172, 173, 174, 175, 176, 177, 183, 184, 185, 186, 187, 188, 189, 193, 195, 199, 201, 202, 203, 216, 218, 219, 220, 221, 223, 224, 225, 226, 230, 232, 236, 239, 240, 241, 242, 243, 245, 246, 250, 251, 252, 253, 254, 255, 257, 258, 261, 262, 264, 267, 268, 273, 281, 282, 284, 285, 286, 287, 288, 289, 291, 292, 293, 294, 296, 297, 298, 301, 303, 304, 305, 306, 307, 308, 309, 311, 314, 315, 316, 318, 319, 320, 321, 322, 323, 324, 325], "summary": {"covered_lines": 111, "num_statements": 112, "percent_covered": 99.10714285714286, "percent_covered_display": "99", "missing_lines": 1, "excluded_lines": 0, "percent_statements_covered": 99.10714285714286, "percent_statements_covered_display": "99"}, "missing_lines": [234], "excluded_lines": [], "start_line": 114}, "": {"executed_lines": [45, 47, 48, 49, 51, 52, 53, 55, 62, 67, 74, 86, 94, 95, 99, 100, 101, 102, 104, 114, 115, 159, 180, 192, 206, 276, 277, 313, 331, 347, 348, 349, 350, 353, 360, 367, 383, 384, 385, 388, 390, 391, 392, 395, 400, 401, 402, 403, 406, 411, 412, 413, 414, 415, 416, 417, 418, 419, 420, 421, 424, 444, 460, 469, 481, 482, 485, 489, 492, 496, 499, 505, 506, 512, 523, 535, 540, 541, 542, 543, 544, 545, 546, 547, 548, 549, 550, 552, 553, 558, 567, 568, 569, 570, 571, 572, 574, 575, 578, 579, 580, 581, 582, 583, 584, 585, 586, 587, 588], "summary": {"covered_lines": 109, "num_statements": 155, "percent_covered": 70.3225806451613, "percent_covered_display": "70", "missing_lines": 46, "excluded_lines": 0, "percent_statements_covered": 70.3225806451613, "percent_statements_covered_display": "70"}, "missing_lines": [334, 335, 337, 338, 339, 340, 341, 342, 343, 344, 356, 357, 362, 363, 364, 370, 371, 372, 431, 432, 433, 434, 435, 436, 437, 438, 439, 440, 441, 453, 454, 455, 456, 457, 462, 470, 471, 473, 514, 516, 527, 528, 529, 530, 531, 532], "excluded_lines": [], "start_line": 1}}}, "model_setup.py": {"executed_lines": [], "summary": {"covered_lines": 0, "num_statements": 20, "percent_covered": 0.0, "percent_covered_display": "0", "missing_lines": 20, "excluded_lines": 0, "percent_statements_covered": 0.0, "percent_statements_covered_display": "0"}, "missing_lines": [13, 15, 17, 23, 26, 33, 35, 36, 45, 48, 49, 50, 54, 55, 60, 63, 64, 67, 68, 70], "excluded_lines": [], "functions": {"build_model": {"executed_lines": [], "summary": {"covered_lines": 0, "num_statements": 15, "percent_covered": 0.0, "percent_covered_display": "0", "missing_lines": 15, "excluded_lines": 0, "percent_statements_covered": 0.0, "percent_statements_covered_display": "0"}, "missing_lines": [33, 35, 36, 45, 48, 49, 50, 54, 55, 60, 63, 64, 67, 68, 70], "excluded_lines": [], "start_line": 26}, "": {"executed_lines": [], "summary": {"covered_lines": 0, "num_statements": 5, "percent_covered": 0.0, "percent_covered_display": "0", "missing_lines": 5, "excluded_lines": 0, "percent_statements_covered": 0.0, "percent_statements_covered_display": "0"}, "missing_lines": [13, 15, 17, 23, 26], "excluded_lines": [], "start_line": 1}}, "classes": {"": {"executed_lines": [], "summary": {"covered_lines": 0, "num_statements": 20, "percent_covered": 0.0, "percent_covered_display": "0", "missing_lines": 20, "excluded_lines": 0, "percent_statements_covered": 0.0, "percent_statements_covered_display": "0"}, "missing_lines": [13, 15, 17, 23, 26, 33, 35, 36, 45, 48, 49, 50, 54, 55, 60, 63, 64, 67, 68, 70], "excluded_lines": [], "start_line": 1}}}, "observability.py": {"executed_lines": [28, 30, 31, 34, 38, 40, 41, 42, 43, 44, 45, 48, 70, 71, 72, 78, 81, 82, 91, 92, 103, 115, 118, 121, 127, 129, 130, 131, 134, 135, 136, 137, 140, 143, 144, 145, 146, 149, 150], "summary": {"covered_lines": 39, "num_statements": 67, "percent_covered": 58.208955223880594, "percent_covered_display": "58", "missing_lines": 28, "excluded_lines": 0, "percent_statements_covered": 58.208955223880594, "percent_statements_covered_display": "58"}, "missing_lines": [49, 50, 52, 60, 61, 62, 63, 65, 66, 67, 68, 73, 74, 75, 76, 83, 84, 86, 88, 89, 93, 94, 95, 96, 104, 106, 107, 108], "excluded_lines": [], "functions": {"Telemetry.__init__": {"executed_lines": [40, 41, 42, 43, 44, 45, 48], "summary": {"covered_lines": 7, "num_statements": 18, "percent_covered": 38.888888888888886, "percent_covered_display": "39", "missing_lines": 11, "excluded_lines": 0, "percent_statements_covered": 38.888888888888886, "percent_statements_covered_display": "39"}, "missing_lines": [49, 50, 52, 60, 61, 62, 63, 65, 66, 67, 68], "excluded_lines": [], "start_line": 38}, "Telemetry.log": {"executed_lines": [71, 72], "summary": {"covered_lines": 2, "num_statements": 6, "percent_covered": 33.333333333333336, "percent_covered_display": "33", "missing_lines": 4, "excluded_lines": 0, "percent_statements_covered": 33.333333333333336, "percent_statements_covered_display": "33"}, "missing_lines": [73, 74, 75, 76], "excluded_lines": [], "start_line": 70}, "Telemetry.alert": {"executed_lines": [81, 82], "summary": {"covered_lines": 2, "num_statements": 7, "percent_covered": 28.571428571428573, "percent_covered_display": "29", "missing_lines": 5, "excluded_lines": 0, "percent_statements_covered": 28.571428571428573, "percent_statements_covered_display": "29"}, "missing_lines": [83, 84, 86, 88, 89], "excluded_lines": [], "start_line": 78}, "Telemetry.finish": {"executed_lines": [92], "summary": {"covered_lines": 1, "num_statements": 5, "percent_covered": 20.0, "percent_covered_display": "20", "missing_lines": 4, "excluded_lines": 0, "percent_statements_covered": 20.0, "percent_statements_covered_display": "20"}, "missing_lines": [93, 94, 95, 96], "excluded_lines": [], "start_line": 91}, "gpu_stats": {"executed_lines": [], "summary": {"covered_lines": 0, "num_statements": 4, "percent_covered": 0.0, "percent_covered_display": "0", "missing_lines": 4, "excluded_lines": 0, "percent_statements_covered": 0.0, "percent_statements_covered_display": "0"}, "missing_lines": [104, 106, 107, 108], "excluded_lines": [], "start_line": 103}, "snapshot_wdown": {"executed_lines": [118], "summary": {"covered_lines": 1, "num_statements": 1, "percent_covered": 100.0, "percent_covered_display": "100", "missing_lines": 0, "excluded_lines": 0, "percent_statements_covered": 100.0, "percent_statements_covered_display": "100"}, "missing_lines": [], "excluded_lines": [], "start_line": 115}, "param_health": {"executed_lines": [127, 129, 130, 131, 134, 135, 136, 137, 140], "summary": {"covered_lines": 9, "num_statements": 9, "percent_covered": 100.0, "percent_covered_display": "100", "missing_lines": 0, "excluded_lines": 0, "percent_statements_covered": 100.0, "percent_statements_covered_display": "100"}, "missing_lines": [], "excluded_lines": [], "start_line": 121}, "session_metrics": {"executed_lines": [144, 145, 146, 149, 150], "summary": {"covered_lines": 5, "num_statements": 5, "percent_covered": 100.0, "percent_covered_display": "100", "missing_lines": 0, "excluded_lines": 0, "percent_statements_covered": 100.0, "percent_statements_covered_display": "100"}, "missing_lines": [], "excluded_lines": [], "start_line": 143}, "": {"executed_lines": [28, 30, 31, 34, 38, 70, 78, 91, 103, 115, 121, 143], "summary": {"covered_lines": 12, "num_statements": 12, "percent_covered": 100.0, "percent_covered_display": "100", "missing_lines": 0, "excluded_lines": 0, "percent_statements_covered": 100.0, "percent_statements_covered_display": "100"}, "missing_lines": [], "excluded_lines": [], "start_line": 1}}, "classes": {"Telemetry": {"executed_lines": [40, 41, 42, 43, 44, 45, 48, 71, 72, 81, 82, 92], "summary": {"covered_lines": 12, "num_statements": 36, "percent_covered": 33.333333333333336, "percent_covered_display": "33", "missing_lines": 24, "excluded_lines": 0, "percent_statements_covered": 33.333333333333336, "percent_statements_covered_display": "33"}, "missing_lines": [49, 50, 52, 60, 61, 62, 63, 65, 66, 67, 68, 73, 74, 75, 76, 83, 84, 86, 88, 89, 93, 94, 95, 96], "excluded_lines": [], "start_line": 34}, "": {"executed_lines": [28, 30, 31, 34, 38, 70, 78, 91, 103, 115, 118, 121, 127, 129, 130, 131, 134, 135, 136, 137, 140, 143, 144, 145, 146, 149, 150], "summary": {"covered_lines": 27, "num_statements": 31, "percent_covered": 87.09677419354838, "percent_covered_display": "87", "missing_lines": 4, "excluded_lines": 0, "percent_statements_covered": 87.09677419354838, "percent_statements_covered_display": "87"}, "missing_lines": [104, 106, 107, 108], "excluded_lines": [], "start_line": 1}}}, "tests/conftest.py": {"executed_lines": [6, 7, 8, 10, 12, 13, 15, 16, 18, 20, 23, 24, 25, 30, 31, 36, 37, 38, 44, 45, 46, 47, 48, 49, 50, 51, 53, 56, 58, 59, 60], "summary": {"covered_lines": 31, "num_statements": 31, "percent_covered": 100.0, "percent_covered_display": "100", "missing_lines": 0, "excluded_lines": 0, "percent_statements_covered": 100.0, "percent_statements_covered_display": "100"}, "missing_lines": [], "excluded_lines": [], "functions": {"cfg": {"executed_lines": [25], "summary": {"covered_lines": 1, "num_statements": 1, "percent_covered": 100.0, "percent_covered_display": "100", "missing_lines": 0, "excluded_lines": 0, "percent_statements_covered": 100.0, "percent_statements_covered_display": "100"}, "missing_lines": [], "excluded_lines": [], "start_line": 24}, "module_factory": {"executed_lines": [36, 53], "summary": {"covered_lines": 2, "num_statements": 2, "percent_covered": 100.0, "percent_covered_display": "100", "missing_lines": 0, "excluded_lines": 0, "percent_statements_covered": 100.0, "percent_statements_covered_display": "100"}, "missing_lines": [], "excluded_lines": [], "start_line": 31}, "module_factory.make": {"executed_lines": [37, 38, 44, 45, 46, 47, 48, 49, 50, 51], "summary": {"covered_lines": 10, "num_statements": 10, "percent_covered": 100.0, "percent_covered_display": "100", "missing_lines": 0, "excluded_lines": 0, "percent_statements_covered": 100.0, "percent_statements_covered_display": "100"}, "missing_lines": [], "excluded_lines": [], "start_line": 36}, "scan": {"executed_lines": [58, 59, 60], "summary": {"covered_lines": 3, "num_statements": 3, "percent_covered": 100.0, "percent_covered_display": "100", "missing_lines": 0, "excluded_lines": 0, "percent_statements_covered": 100.0, "percent_statements_covered_display": "100"}, "missing_lines": [], "excluded_lines": [], "start_line": 56}, "": {"executed_lines": [6, 7, 8, 10, 12, 13, 15, 16, 18, 20, 23, 24, 30, 31, 56], "summary": {"covered_lines": 15, "num_statements": 15, "percent_covered": 100.0, "percent_covered_display": "100", "missing_lines": 0, "excluded_lines": 0, "percent_statements_covered": 100.0, "percent_statements_covered_display": "100"}, "missing_lines": [], "excluded_lines": [], "start_line": 1}}, "classes": {"": {"executed_lines": [6, 7, 8, 10, 12, 13, 15, 16, 18, 20, 23, 24, 25, 30, 31, 36, 37, 38, 44, 45, 46, 47, 48, 49, 50, 51, 53, 56, 58, 59, 60], "summary": {"covered_lines": 31, "num_statements": 31, "percent_covered": 100.0, "percent_covered_display": "100", "missing_lines": 0, "excluded_lines": 0, "percent_statements_covered": 100.0, "percent_statements_covered_display": "100"}, "missing_lines": [], "excluded_lines": [], "start_line": 1}}}, "tests/test_loss_mask.py": {"executed_lines": [8, 9, 11, 15, 19, 20, 21, 24, 28, 29, 30, 31, 32, 33, 36, 37, 38, 39, 40, 41, 44, 48, 49, 50, 51, 52, 55, 58, 59, 60, 61, 62, 65, 69, 70, 71, 72, 73, 77, 81, 82, 83, 84, 85, 86, 89, 90, 91, 94, 98, 101, 102, 103, 106, 109, 110, 113, 114, 115, 118, 122, 123, 126, 129, 130, 131, 134, 137, 142, 143, 144, 146, 147, 149, 150, 152, 155, 156, 159, 160, 161, 162, 163, 166, 169, 170, 174, 178, 183, 184, 186, 187, 189, 191, 192], "summary": {"covered_lines": 95, "num_statements": 95, "percent_covered": 100.0, "percent_covered_display": "100", "missing_lines": 0, "excluded_lines": 0, "percent_statements_covered": 100.0, "percent_statements_covered_display": "100"}, "missing_lines": [], "excluded_lines": [], "functions": {"test_apply_loss_mask_disabled_returns_ids_unchanged": {"executed_lines": [19, 20, 21], "summary": {"covered_lines": 3, "num_statements": 3, "percent_covered": 100.0, "percent_covered_display": "100", "missing_lines": 0, "excluded_lines": 0, "percent_statements_covered": 100.0, "percent_statements_covered_display": "100"}, "missing_lines": [], "excluded_lines": [], "start_line": 15}, "test_apply_loss_mask_does_not_mutate_input": {"executed_lines": [28, 29, 30, 31, 32, 33], "summary": {"covered_lines": 6, "num_statements": 6, "percent_covered": 100.0, "percent_covered_display": "100", "missing_lines": 0, "excluded_lines": 0, "percent_statements_covered": 100.0, "percent_statements_covered_display": "100"}, "missing_lines": [], "excluded_lines": [], "start_line": 24}, "test_apply_loss_mask_masks_only_marked_token_ids": {"executed_lines": [37, 38, 39, 40, 41], "summary": {"covered_lines": 5, "num_statements": 5, "percent_covered": 100.0, "percent_covered_display": "100", "missing_lines": 0, "excluded_lines": 0, "percent_statements_covered": 100.0, "percent_statements_covered_display": "100"}, "missing_lines": [], "excluded_lines": [], "start_line": 36}, "test_apply_loss_mask_preserves_shape_and_dtype": {"executed_lines": [48, 49, 50, 51, 52], "summary": {"covered_lines": 5, "num_statements": 5, "percent_covered": 100.0, "percent_covered_display": "100", "missing_lines": 0, "excluded_lines": 0, "percent_statements_covered": 100.0, "percent_statements_covered_display": "100"}, "missing_lines": [], "excluded_lines": [], "start_line": 44}, "test_apply_loss_mask_empty_mask_returns_clone_equal_to_ids": {"executed_lines": [58, 59, 60, 61, 62], "summary": {"covered_lines": 5, "num_statements": 5, "percent_covered": 100.0, "percent_covered_display": "100", "missing_lines": 0, "excluded_lines": 0, "percent_statements_covered": 100.0, "percent_statements_covered_display": "100"}, "missing_lines": [], "excluded_lines": [], "start_line": 55}, "test_apply_loss_mask_all_masked_returns_all_ignore_index": {"executed_lines": [69, 70, 71, 72, 73], "summary": {"covered_lines": 5, "num_statements": 5, "percent_covered": 100.0, "percent_covered_display": "100", "missing_lines": 0, "excluded_lines": 0, "percent_statements_covered": 100.0, "percent_statements_covered_display": "100"}, "missing_lines": [], "excluded_lines": [], "start_line": 65}, "test_build_rejects_keep_fraction_outside_unit_interval": {"executed_lines": [81, 82, 83, 84, 85, 86], "summary": {"covered_lines": 6, "num_statements": 6, "percent_covered": 100.0, "percent_covered_display": "100", "missing_lines": 0, "excluded_lines": 0, "percent_statements_covered": 100.0, "percent_statements_covered_display": "100"}, "missing_lines": [], "excluded_lines": [], "start_line": 77}, "test_build_rejects_nonpositive_vocab_size": {"executed_lines": [90, 91], "summary": {"covered_lines": 2, "num_statements": 2, "percent_covered": 100.0, "percent_covered_display": "100", "missing_lines": 0, "excluded_lines": 0, "percent_statements_covered": 100.0, "percent_statements_covered_display": "100"}, "missing_lines": [], "excluded_lines": [], "start_line": 89}, "test_build_keep_fraction_one_returns_all_false": {"executed_lines": [98, 101, 102, 103], "summary": {"covered_lines": 4, "num_statements": 4, "percent_covered": 100.0, "percent_covered_display": "100", "missing_lines": 0, "excluded_lines": 0, "percent_statements_covered": 100.0, "percent_statements_covered_display": "100"}, "missing_lines": [], "excluded_lines": [], "start_line": 94}, "test_build_empty_corpus_returns_all_false": {"executed_lines": [109, 110], "summary": {"covered_lines": 2, "num_statements": 2, "percent_covered": 100.0, "percent_covered_display": "100", "missing_lines": 0, "excluded_lines": 0, "percent_statements_covered": 100.0, "percent_statements_covered_display": "100"}, "missing_lines": [], "excluded_lines": [], "start_line": 106}, "test_build_zero_length_sequences_returns_all_false": {"executed_lines": [114, 115], "summary": {"covered_lines": 2, "num_statements": 2, "percent_covered": 100.0, "percent_covered_display": "100", "missing_lines": 0, "excluded_lines": 0, "percent_statements_covered": 100.0, "percent_statements_covered_display": "100"}, "missing_lines": [], "excluded_lines": [], "start_line": 113}, "test_build_rejects_out_of_range_token_id": {"executed_lines": [122, 123], "summary": {"covered_lines": 2, "num_statements": 2, "percent_covered": 100.0, "percent_covered_display": "100", "missing_lines": 0, "excluded_lines": 0, "percent_statements_covered": 100.0, "percent_statements_covered_display": "100"}, "missing_lines": [], "excluded_lines": [], "start_line": 118}, "test_build_masks_the_dominant_token_first": {"executed_lines": [129, 130, 131, 134], "summary": {"covered_lines": 4, "num_statements": 4, "percent_covered": 100.0, "percent_covered_display": "100", "missing_lines": 0, "excluded_lines": 0, "percent_statements_covered": 100.0, "percent_statements_covered_display": "100"}, "missing_lines": [], "excluded_lines": [], "start_line": 126}, "test_build_kept_position_coverage_tracks_keep_fraction": {"executed_lines": [142, 143, 144, 146, 147, 149, 150, 152, 155, 156], "summary": {"covered_lines": 10, "num_statements": 10, "percent_covered": 100.0, "percent_covered_display": "100", "missing_lines": 0, "excluded_lines": 0, "percent_statements_covered": 100.0, "percent_statements_covered_display": "100"}, "missing_lines": [], "excluded_lines": [], "start_line": 137}, "test_build_is_deterministic": {"executed_lines": [160, 161, 162, 163], "summary": {"covered_lines": 4, "num_statements": 4, "percent_covered": 100.0, "percent_covered_display": "100", "missing_lines": 0, "excluded_lines": 0, "percent_statements_covered": 100.0, "percent_statements_covered_display": "100"}, "missing_lines": [], "excluded_lines": [], "start_line": 159}, "test_build_iterator_input_not_just_lists": {"executed_lines": [169, 170, 174], "summary": {"covered_lines": 3, "num_statements": 3, "percent_covered": 100.0, "percent_covered_display": "100", "missing_lines": 0, "excluded_lines": 0, "percent_statements_covered": 100.0, "percent_statements_covered_display": "100"}, "missing_lines": [], "excluded_lines": [], "start_line": 166}, "test_apply_with_built_mask_keeps_only_rare_token_positions": {"executed_lines": [183, 184, 186, 187, 189, 191, 192], "summary": {"covered_lines": 7, "num_statements": 7, "percent_covered": 100.0, "percent_covered_display": "100", "missing_lines": 0, "excluded_lines": 0, "percent_statements_covered": 100.0, "percent_statements_covered_display": "100"}, "missing_lines": [], "excluded_lines": [], "start_line": 178}, "": {"executed_lines": [8, 9, 11, 15, 24, 36, 44, 55, 65, 77, 89, 94, 106, 113, 118, 126, 137, 159, 166, 178], "summary": {"covered_lines": 20, "num_statements": 20, "percent_covered": 100.0, "percent_covered_display": "100", "missing_lines": 0, "excluded_lines": 0, "percent_statements_covered": 100.0, "percent_statements_covered_display": "100"}, "missing_lines": [], "excluded_lines": [], "start_line": 1}}, "classes": {"": {"executed_lines": [8, 9, 11, 15, 19, 20, 21, 24, 28, 29, 30, 31, 32, 33, 36, 37, 38, 39, 40, 41, 44, 48, 49, 50, 51, 52, 55, 58, 59, 60, 61, 62, 65, 69, 70, 71, 72, 73, 77, 81, 82, 83, 84, 85, 86, 89, 90, 91, 94, 98, 101, 102, 103, 106, 109, 110, 113, 114, 115, 118, 122, 123, 126, 129, 130, 131, 134, 137, 142, 143, 144, 146, 147, 149, 150, 152, 155, 156, 159, 160, 161, 162, 163, 166, 169, 170, 174, 178, 183, 184, 186, 187, 189, 191, 192], "summary": {"covered_lines": 95, "num_statements": 95, "percent_covered": 100.0, "percent_covered_display": "100", "missing_lines": 0, "excluded_lines": 0, "percent_statements_covered": 100.0, "percent_statements_covered_display": "100"}, "missing_lines": [], "excluded_lines": [], "start_line": 1}}}, "tests/test_mechanism.py": {"executed_lines": [7, 9, 10, 12, 13, 14, 18, 22, 23, 24, 25, 26, 27, 30, 33, 34, 35, 36, 37, 38, 39, 40, 44, 47, 48, 49, 50, 51, 52, 53, 54, 55, 58, 61, 62, 63, 64, 65, 69, 75, 76, 77, 78, 80, 81, 82, 83, 84, 85, 86, 87, 88, 90, 91, 92, 94, 95, 96, 97, 99, 103, 104, 105, 106, 107, 108, 109, 112, 116, 117, 118, 119, 121, 122, 123, 124, 126, 127, 130, 131, 132, 136, 137, 138, 139, 140, 141, 142, 143, 144, 148, 149, 150, 151, 154, 155, 157, 158, 159, 160, 161, 162], "summary": {"covered_lines": 102, "num_statements": 103, "percent_covered": 99.02912621359224, "percent_covered_display": "99", "missing_lines": 1, "excluded_lines": 0, "percent_statements_covered": 99.02912621359224, "percent_statements_covered_display": "99"}, "missing_lines": [93], "excluded_lines": [], "functions": {"test_exact_identity_at_zero_init": {"executed_lines": [22, 23, 24, 25, 26, 27], "summary": {"covered_lines": 6, "num_statements": 6, "percent_covered": 100.0, "percent_covered_display": "100", "missing_lines": 0, "excluded_lines": 0, "percent_statements_covered": 100.0, "percent_statements_covered_display": "100"}, "missing_lines": [], "excluded_lines": [], "start_line": 18}, "test_conv_grad_blocked_until_wtarget_moves": {"executed_lines": [33, 34, 35, 36, 37, 38, 39, 40], "summary": {"covered_lines": 8, "num_statements": 8, "percent_covered": 100.0, "percent_covered_display": "100", "missing_lines": 0, "excluded_lines": 0, "percent_statements_covered": 100.0, "percent_statements_covered_display": "100"}, "missing_lines": [], "excluded_lines": [], "start_line": 30}, "test_strict_causality_of_outputs": {"executed_lines": [47, 48, 49, 50, 51, 52, 53, 54, 55], "summary": {"covered_lines": 9, "num_statements": 9, "percent_covered": 100.0, "percent_covered_display": "100", "missing_lines": 0, "excluded_lines": 0, "percent_statements_covered": 100.0, "percent_statements_covered_display": "100"}, "missing_lines": [], "excluded_lines": [], "start_line": 44}, "test_first_chunk_never_sees_updates": {"executed_lines": [61, 62, 63, 64, 65], "summary": {"covered_lines": 5, "num_statements": 5, "percent_covered": 100.0, "percent_covered_display": "100", "missing_lines": 0, "excluded_lines": 0, "percent_statements_covered": 100.0, "percent_statements_covered_display": "100"}, "missing_lines": [], "excluded_lines": [], "start_line": 58}, "test_stream_matches_scan": {"executed_lines": [75, 76, 77, 78, 80, 81, 82, 83, 84, 85, 86, 87, 88, 90, 91, 92, 94, 95, 96, 97, 99], "summary": {"covered_lines": 21, "num_statements": 22, "percent_covered": 95.45454545454545, "percent_covered_display": "95", "missing_lines": 1, "excluded_lines": 0, "percent_statements_covered": 95.45454545454545, "percent_statements_covered_display": "95"}, "missing_lines": [93], "excluded_lines": [], "start_line": 69}, "test_evolve_off_scan_is_plain_mlp": {"executed_lines": [104, 105, 106, 107, 108, 109], "summary": {"covered_lines": 6, "num_statements": 6, "percent_covered": 100.0, "percent_covered_display": "100", "missing_lines": 0, "excluded_lines": 0, "percent_statements_covered": 100.0, "percent_statements_covered_display": "100"}, "missing_lines": [], "excluded_lines": [], "start_line": 103}, "test_evolve_off_stream_applies_but_never_updates": {"executed_lines": [116, 117, 118, 119, 121, 122, 123, 124, 126, 127, 130, 131, 132], "summary": {"covered_lines": 13, "num_statements": 13, "percent_covered": 100.0, "percent_covered_display": "100", "missing_lines": 0, "excluded_lines": 0, "percent_statements_covered": 100.0, "percent_statements_covered_display": "100"}, "missing_lines": [], "excluded_lines": [], "start_line": 112}, "test_batch_size_change_mid_session_raises": {"executed_lines": [137, 138, 139, 140, 141, 142, 143, 144], "summary": {"covered_lines": 8, "num_statements": 8, "percent_covered": 100.0, "percent_covered_display": "100", "missing_lines": 0, "excluded_lines": 0, "percent_statements_covered": 100.0, "percent_statements_covered_display": "100"}, "missing_lines": [], "excluded_lines": [], "start_line": 136}, "test_clip_disabled_is_noop": {"executed_lines": [149, 150, 151], "summary": {"covered_lines": 3, "num_statements": 3, "percent_covered": 100.0, "percent_covered_display": "100", "missing_lines": 0, "excluded_lines": 0, "percent_statements_covered": 100.0, "percent_statements_covered_display": "100"}, "missing_lines": [], "excluded_lines": [], "start_line": 148}, "test_clip_enabled_caps_frobenius_norm": {"executed_lines": [155, 157, 158, 159, 160, 161, 162], "summary": {"covered_lines": 7, "num_statements": 7, "percent_covered": 100.0, "percent_covered_display": "100", "missing_lines": 0, "excluded_lines": 0, "percent_statements_covered": 100.0, "percent_statements_covered_display": "100"}, "missing_lines": [], "excluded_lines": [], "start_line": 154}, "": {"executed_lines": [7, 9, 10, 12, 13, 14, 18, 30, 44, 58, 69, 103, 112, 136, 148, 154], "summary": {"covered_lines": 16, "num_statements": 16, "percent_covered": 100.0, "percent_covered_display": "100", "missing_lines": 0, "excluded_lines": 0, "percent_statements_covered": 100.0, "percent_statements_covered_display": "100"}, "missing_lines": [], "excluded_lines": [], "start_line": 1}}, "classes": {"": {"executed_lines": [7, 9, 10, 12, 13, 14, 18, 22, 23, 24, 25, 26, 27, 30, 33, 34, 35, 36, 37, 38, 39, 40, 44, 47, 48, 49, 50, 51, 52, 53, 54, 55, 58, 61, 62, 63, 64, 65, 69, 75, 76, 77, 78, 80, 81, 82, 83, 84, 85, 86, 87, 88, 90, 91, 92, 94, 95, 96, 97, 99, 103, 104, 105, 106, 107, 108, 109, 112, 116, 117, 118, 119, 121, 122, 123, 124, 126, 127, 130, 131, 132, 136, 137, 138, 139, 140, 141, 142, 143, 144, 148, 149, 150, 151, 154, 155, 157, 158, 159, 160, 161, 162], "summary": {"covered_lines": 102, "num_statements": 103, "percent_covered": 99.02912621359224, "percent_covered_display": "99", "missing_lines": 1, "excluded_lines": 0, "percent_statements_covered": 99.02912621359224, "percent_statements_covered_display": "99"}, "missing_lines": [93], "excluded_lines": [], "start_line": 1}}}, "tests/test_observability.py": {"executed_lines": [7, 9, 10, 16, 17, 19, 20, 21, 22, 25, 26, 27, 29, 30, 31, 35, 36, 40, 41, 42, 43, 44, 45, 48, 49, 50, 51, 52, 53, 56, 57, 58, 59, 60, 62, 63, 64, 65, 66, 68, 69, 70, 71], "summary": {"covered_lines": 43, "num_statements": 44, "percent_covered": 97.72727272727273, "percent_covered_display": "98", "missing_lines": 1, "excluded_lines": 0, "percent_statements_covered": 97.72727272727273, "percent_statements_covered_display": "98"}, "missing_lines": [37], "excluded_lines": [], "functions": {"test_disabled_telemetry_is_total_noop": {"executed_lines": [17, 19, 20, 21, 22], "summary": {"covered_lines": 5, "num_statements": 5, "percent_covered": 100.0, "percent_covered_display": "100", "missing_lines": 0, "excluded_lines": 0, "percent_statements_covered": 100.0, "percent_statements_covered_display": "100"}, "missing_lines": [], "excluded_lines": [], "start_line": 16}, "test_missing_api_key_degrades_gracefully": {"executed_lines": [26, 27, 29, 30, 31], "summary": {"covered_lines": 5, "num_statements": 5, "percent_covered": 100.0, "percent_covered_display": "100", "missing_lines": 0, "excluded_lines": 0, "percent_statements_covered": 100.0, "percent_statements_covered_display": "100"}, "missing_lines": [], "excluded_lines": [], "start_line": 25}, "test_gpu_stats_empty_without_cuda": {"executed_lines": [36], "summary": {"covered_lines": 1, "num_statements": 2, "percent_covered": 50.0, "percent_covered_display": "50", "missing_lines": 1, "excluded_lines": 0, "percent_statements_covered": 50.0, "percent_statements_covered_display": "50"}, "missing_lines": [37], "excluded_lines": [], "start_line": 35}, "test_session_metrics_aggregation": {"executed_lines": [41, 42, 43, 44, 45], "summary": {"covered_lines": 5, "num_statements": 5, "percent_covered": 100.0, "percent_covered_display": "100", "missing_lines": 0, "excluded_lines": 0, "percent_statements_covered": 100.0, "percent_statements_covered_display": "100"}, "missing_lines": [], "excluded_lines": [], "start_line": 40}, "test_snapshot_wdown_isolates_from_mutation": {"executed_lines": [49, 50, 51, 52, 53], "summary": {"covered_lines": 5, "num_statements": 5, "percent_covered": 100.0, "percent_covered_display": "100", "missing_lines": 0, "excluded_lines": 0, "percent_statements_covered": 100.0, "percent_statements_covered_display": "100"}, "missing_lines": [], "excluded_lines": [], "start_line": 48}, "test_param_health_drift_and_norms": {"executed_lines": [57, 58, 59, 60, 62, 63, 64, 65, 66, 68, 69, 70, 71], "summary": {"covered_lines": 13, "num_statements": 13, "percent_covered": 100.0, "percent_covered_display": "100", "missing_lines": 0, "excluded_lines": 0, "percent_statements_covered": 100.0, "percent_statements_covered_display": "100"}, "missing_lines": [], "excluded_lines": [], "start_line": 56}, "": {"executed_lines": [7, 9, 10, 16, 25, 35, 40, 48, 56], "summary": {"covered_lines": 9, "num_statements": 9, "percent_covered": 100.0, "percent_covered_display": "100", "missing_lines": 0, "excluded_lines": 0, "percent_statements_covered": 100.0, "percent_statements_covered_display": "100"}, "missing_lines": [], "excluded_lines": [], "start_line": 1}}, "classes": {"": {"executed_lines": [7, 9, 10, 16, 17, 19, 20, 21, 22, 25, 26, 27, 29, 30, 31, 35, 36, 40, 41, 42, 43, 44, 45, 48, 49, 50, 51, 52, 53, 56, 57, 58, 59, 60, 62, 63, 64, 65, 66, 68, 69, 70, 71], "summary": {"covered_lines": 43, "num_statements": 44, "percent_covered": 97.72727272727273, "percent_covered_display": "98", "missing_lines": 1, "excluded_lines": 0, "percent_statements_covered": 97.72727272727273, "percent_statements_covered_display": "98"}, "missing_lines": [37], "excluded_lines": [], "start_line": 1}}}, "tests/test_scan_math.py": {"executed_lines": [16, 17, 18, 20, 22, 24, 25, 26, 28, 29, 31, 32, 36, 37, 43, 44, 46, 47, 48, 49, 52, 54, 55, 56, 57, 58, 59, 60, 61, 64, 65, 66, 67, 68, 69, 70, 71, 74, 75, 76, 77, 78, 79, 80, 81, 82, 83, 84, 85, 86, 89, 90, 93, 94, 95, 98, 99, 100, 101, 103, 106, 107, 108, 109, 112, 115], "summary": {"covered_lines": 66, "num_statements": 69, "percent_covered": 95.65217391304348, "percent_covered_display": "96", "missing_lines": 3, "excluded_lines": 0, "percent_statements_covered": 95.65217391304348, "percent_statements_covered_display": "96"}, "missing_lines": [116, 117, 118], "excluded_lines": [], "functions": {"build_module": {"executed_lines": [37, 43, 44, 46, 47, 48, 49], "summary": {"covered_lines": 7, "num_statements": 7, "percent_covered": 100.0, "percent_covered_display": "100", "missing_lines": 0, "excluded_lines": 0, "percent_statements_covered": 100.0, "percent_statements_covered_display": "100"}, "missing_lines": [], "excluded_lines": [], "start_line": 36}, "reference": {"executed_lines": [54, 55, 56, 57, 58, 59, 60, 61, 64, 65, 66, 67, 68, 69, 70, 71], "summary": {"covered_lines": 16, "num_statements": 16, "percent_covered": 100.0, "percent_covered_display": "100", "missing_lines": 0, "excluded_lines": 0, "percent_statements_covered": 100.0, "percent_statements_covered_display": "100"}, "missing_lines": [], "excluded_lines": [], "start_line": 52}, "run_module": {"executed_lines": [75, 76, 77, 78, 79, 80, 81, 82, 83, 84, 85, 86], "summary": {"covered_lines": 12, "num_statements": 12, "percent_covered": 100.0, "percent_covered_display": "100", "missing_lines": 0, "excluded_lines": 0, "percent_statements_covered": 100.0, "percent_statements_covered_display": "100"}, "missing_lines": [], "excluded_lines": [], "start_line": 74}, "max_err": {"executed_lines": [90], "summary": {"covered_lines": 1, "num_statements": 1, "percent_covered": 100.0, "percent_covered_display": "100", "missing_lines": 0, "excluded_lines": 0, "percent_statements_covered": 100.0, "percent_statements_covered_display": "100"}, "missing_lines": [], "excluded_lines": [], "start_line": 89}, "_papers": {"executed_lines": [94, 95], "summary": {"covered_lines": 2, "num_statements": 2, "percent_covered": 100.0, "percent_covered_display": "100", "missing_lines": 0, "excluded_lines": 0, "percent_statements_covered": 100.0, "percent_statements_covered_display": "100"}, "missing_lines": [], "excluded_lines": [], "start_line": 93}, "test_scan_matches_sequential_reference_per_document": {"executed_lines": [99, 100, 101, 103], "summary": {"covered_lines": 4, "num_statements": 4, "percent_covered": 100.0, "percent_covered_display": "100", "missing_lines": 0, "excluded_lines": 0, "percent_statements_covered": 100.0, "percent_statements_covered_display": "100"}, "missing_lines": [], "excluded_lines": [], "start_line": 98}, "test_scan_matches_sequential_reference_session_carry": {"executed_lines": [107, 108, 109, 112], "summary": {"covered_lines": 4, "num_statements": 4, "percent_covered": 100.0, "percent_covered_display": "100", "missing_lines": 0, "excluded_lines": 0, "percent_statements_covered": 100.0, "percent_statements_covered_display": "100"}, "missing_lines": [], "excluded_lines": [], "start_line": 106}, "": {"executed_lines": [16, 17, 18, 20, 22, 24, 25, 26, 28, 29, 31, 32, 36, 52, 74, 89, 93, 98, 106, 115], "summary": {"covered_lines": 20, "num_statements": 23, "percent_covered": 86.95652173913044, "percent_covered_display": "87", "missing_lines": 3, "excluded_lines": 0, "percent_statements_covered": 86.95652173913044, "percent_statements_covered_display": "87"}, "missing_lines": [116, 117, 118], "excluded_lines": [], "start_line": 1}}, "classes": {"": {"executed_lines": [16, 17, 18, 20, 22, 24, 25, 26, 28, 29, 31, 32, 36, 37, 43, 44, 46, 47, 48, 49, 52, 54, 55, 56, 57, 58, 59, 60, 61, 64, 65, 66, 67, 68, 69, 70, 71, 74, 75, 76, 77, 78, 79, 80, 81, 82, 83, 84, 85, 86, 89, 90, 93, 94, 95, 98, 99, 100, 101, 103, 106, 107, 108, 109, 112, 115], "summary": {"covered_lines": 66, "num_statements": 69, "percent_covered": 95.65217391304348, "percent_covered_display": "96", "missing_lines": 3, "excluded_lines": 0, "percent_statements_covered": 95.65217391304348, "percent_statements_covered_display": "96"}, "missing_lines": [116, 117, 118], "excluded_lines": [], "start_line": 1}}}, "tests/test_session.py": {"executed_lines": [7, 8, 9, 11, 12, 16, 18, 25, 29, 30, 31, 35, 36, 37, 38, 39, 41, 42, 44, 45, 46, 47, 48, 50, 51, 52, 55, 59, 60, 61, 62, 64, 65, 66, 67, 68, 69, 71, 72, 73, 74, 75, 78, 79, 80, 81, 82, 83, 84, 85, 86, 89, 90, 91, 92, 93, 94, 95, 96, 97, 101, 102, 103, 104, 105, 108, 109, 110, 111, 112, 115, 116, 117, 118, 119, 120, 124, 125, 126, 127, 128, 129, 130, 131, 132, 135, 137, 138, 141, 142, 143, 146, 148, 149, 150, 153, 156, 157, 158, 159, 162, 165, 168, 170, 171, 172, 173, 176, 177, 178, 179, 180, 181, 182, 183, 184, 185, 188, 191, 192, 193, 194, 197, 198, 199, 200, 201, 204, 206, 207, 208, 209, 212, 213, 215, 218, 219, 220, 221, 223, 225, 227, 228, 231, 232, 235, 236, 237, 239, 241, 245, 247, 252, 255, 256, 257, 258, 259, 262, 265, 266, 268, 271, 272, 275, 276, 277, 278, 279, 282, 284, 285, 286, 290, 292, 293, 294, 295, 296, 297, 298, 301, 304, 305, 306, 307, 308, 309, 310, 311, 312, 315, 317, 318, 319, 320, 321, 322, 323, 324, 325, 328, 331, 332, 333, 334, 335, 336, 337, 340, 341, 342, 343, 344, 345, 346, 347, 350, 351, 352, 355, 358, 361, 362, 365, 367, 368, 369, 370, 371, 372], "summary": {"covered_lines": 231, "num_statements": 231, "percent_covered": 100.0, "percent_covered_display": "100", "missing_lines": 0, "excluded_lines": 0, "percent_statements_covered": 100.0, "percent_statements_covered_display": "100"}, "missing_lines": [], "excluded_lines": [], "functions": {"Wrap.__init__": {"executed_lines": [30, 31], "summary": {"covered_lines": 2, "num_statements": 2, "percent_covered": 100.0, "percent_covered_display": "100", "missing_lines": 0, "excluded_lines": 0, "percent_statements_covered": 100.0, "percent_statements_covered_display": "100"}, "missing_lines": [], "excluded_lines": [], "start_line": 29}, "test_carry_changes_outputs_and_reset_restores": {"executed_lines": [36, 37, 38, 39, 41, 42, 44, 45, 46, 47, 48, 50, 51, 52], "summary": {"covered_lines": 14, "num_statements": 14, "percent_covered": 100.0, "percent_covered_display": "100", "missing_lines": 0, "excluded_lines": 0, "percent_statements_covered": 100.0, "percent_statements_covered_display": "100"}, "missing_lines": [], "excluded_lines": [], "start_line": 35}, "test_staging_is_idempotent_under_recompute": {"executed_lines": [59, 60, 61, 62, 64, 65, 66, 67, 68, 69, 71, 72, 73, 74, 75], "summary": {"covered_lines": 15, "num_statements": 15, "percent_covered": 100.0, "percent_covered_display": "100", "missing_lines": 0, "excluded_lines": 0, "percent_statements_covered": 100.0, "percent_statements_covered_display": "100"}, "missing_lines": [], "excluded_lines": [], "start_line": 55}, "test_carried_state_is_fp32_and_detached": {"executed_lines": [79, 80, 81, 82, 83, 84, 85, 86], "summary": {"covered_lines": 8, "num_statements": 8, "percent_covered": 100.0, "percent_covered_display": "100", "missing_lines": 0, "excluded_lines": 0, "percent_statements_covered": 100.0, "percent_statements_covered_display": "100"}, "missing_lines": [], "excluded_lines": [], "start_line": 78}, "test_session_state_norms": {"executed_lines": [90, 91, 92, 93, 94, 95, 96, 97], "summary": {"covered_lines": 8, "num_statements": 8, "percent_covered": 100.0, "percent_covered_display": "100", "missing_lines": 0, "excluded_lines": 0, "percent_statements_covered": 100.0, "percent_statements_covered_display": "100"}, "missing_lines": [], "excluded_lines": [], "start_line": 89}, "test_schedule_partitions_every_doc_exactly_once": {"executed_lines": [102, 103, 104, 105], "summary": {"covered_lines": 4, "num_statements": 4, "percent_covered": 100.0, "percent_covered_display": "100", "missing_lines": 0, "excluded_lines": 0, "percent_statements_covered": 100.0, "percent_statements_covered_display": "100"}, "missing_lines": [], "excluded_lines": [], "start_line": 101}, "test_schedule_sizes_within_bounds": {"executed_lines": [109, 110, 111, 112], "summary": {"covered_lines": 4, "num_statements": 4, "percent_covered": 100.0, "percent_covered_display": "100", "missing_lines": 0, "excluded_lines": 0, "percent_statements_covered": 100.0, "percent_statements_covered_display": "100"}, "missing_lines": [], "excluded_lines": [], "start_line": 108}, "test_schedule_deterministic_per_seed": {"executed_lines": [116, 117, 118, 119, 120], "summary": {"covered_lines": 5, "num_statements": 5, "percent_covered": 100.0, "percent_covered_display": "100", "missing_lines": 0, "excluded_lines": 0, "percent_statements_covered": 100.0, "percent_statements_covered_display": "100"}, "missing_lines": [], "excluded_lines": [], "start_line": 115}, "test_slice_doc_partition_is_contiguous_and_meets_minimum": {"executed_lines": [125, 126, 127, 128, 129, 130, 131, 132], "summary": {"covered_lines": 8, "num_statements": 8, "percent_covered": 100.0, "percent_covered_display": "100", "missing_lines": 0, "excluded_lines": 0, "percent_statements_covered": 100.0, "percent_statements_covered_display": "100"}, "missing_lines": [], "excluded_lines": [], "start_line": 124}, "test_slice_doc_fallback_when_too_short": {"executed_lines": [137, 138], "summary": {"covered_lines": 2, "num_statements": 2, "percent_covered": 100.0, "percent_covered_display": "100", "missing_lines": 0, "excluded_lines": 0, "percent_statements_covered": 100.0, "percent_statements_covered_display": "100"}, "missing_lines": [], "excluded_lines": [], "start_line": 135}, "test_slice_doc_k_one_is_whole": {"executed_lines": [142, 143], "summary": {"covered_lines": 2, "num_statements": 2, "percent_covered": 100.0, "percent_covered_display": "100", "missing_lines": 0, "excluded_lines": 0, "percent_statements_covered": 100.0, "percent_statements_covered_display": "100"}, "missing_lines": [], "excluded_lines": [], "start_line": 141}, "test_slice_doc_boundary_min_size_does_not_underflow": {"executed_lines": [148, 149, 150], "summary": {"covered_lines": 3, "num_statements": 3, "percent_covered": 100.0, "percent_covered_display": "100", "missing_lines": 0, "excluded_lines": 0, "percent_statements_covered": 100.0, "percent_statements_covered_display": "100"}, "missing_lines": [], "excluded_lines": [], "start_line": 146}, "test_build_session_items_disabled_matches_schedule": {"executed_lines": [156, 157, 158, 159, 162, 165], "summary": {"covered_lines": 6, "num_statements": 6, "percent_covered": 100.0, "percent_covered_display": "100", "missing_lines": 0, "excluded_lines": 0, "percent_statements_covered": 100.0, "percent_statements_covered_display": "100"}, "missing_lines": [], "excluded_lines": [], "start_line": 153}, "test_build_session_items_covers_every_token_exactly_once": {"executed_lines": [170, 171, 172, 173, 176, 177, 178, 179, 180, 181, 182, 183, 184, 185], "summary": {"covered_lines": 14, "num_statements": 14, "percent_covered": 100.0, "percent_covered_display": "100", "missing_lines": 0, "excluded_lines": 0, "percent_statements_covered": 100.0, "percent_statements_covered_display": "100"}, "missing_lines": [], "excluded_lines": [], "start_line": 168}, "test_build_session_items_preserves_paper_order_within_session": {"executed_lines": [191, 192, 193, 194, 197, 198, 199, 200, 201], "summary": {"covered_lines": 9, "num_statements": 9, "percent_covered": 100.0, "percent_covered_display": "100", "missing_lines": 0, "excluded_lines": 0, "percent_statements_covered": 100.0, "percent_statements_covered_display": "100"}, "missing_lines": [], "excluded_lines": [], "start_line": 188}, "test_build_session_items_every_paper_appears_at_least_once": {"executed_lines": [206, 207, 208, 209, 212, 213, 215], "summary": {"covered_lines": 7, "num_statements": 7, "percent_covered": 100.0, "percent_covered_display": "100", "missing_lines": 0, "excluded_lines": 0, "percent_statements_covered": 100.0, "percent_statements_covered_display": "100"}, "missing_lines": [], "excluded_lines": [], "start_line": 204}, "test_build_session_items_deterministic_per_seed": {"executed_lines": [219, 220, 221, 223, 225, 227, 228], "summary": {"covered_lines": 7, "num_statements": 7, "percent_covered": 100.0, "percent_covered_display": "100", "missing_lines": 0, "excluded_lines": 0, "percent_statements_covered": 100.0, "percent_statements_covered_display": "100"}, "missing_lines": [], "excluded_lines": [], "start_line": 218}, "test_session_item_n_tokens": {"executed_lines": [232], "summary": {"covered_lines": 1, "num_statements": 1, "percent_covered": 100.0, "percent_covered_display": "100", "missing_lines": 0, "excluded_lines": 0, "percent_statements_covered": 100.0, "percent_statements_covered_display": "100"}, "missing_lines": [], "excluded_lines": [], "start_line": 231}, "test_expected_items_per_doc_bounds": {"executed_lines": [236, 237, 239, 241], "summary": {"covered_lines": 4, "num_statements": 4, "percent_covered": 100.0, "percent_covered_display": "100", "missing_lines": 0, "excluded_lines": 0, "percent_statements_covered": 100.0, "percent_statements_covered_display": "100"}, "missing_lines": [], "excluded_lines": [], "start_line": 235}, "test_equal_token_slices_exact_division": {"executed_lines": [247], "summary": {"covered_lines": 1, "num_statements": 1, "percent_covered": 100.0, "percent_covered_display": "100", "missing_lines": 0, "excluded_lines": 0, "percent_statements_covered": 100.0, "percent_statements_covered_display": "100"}, "missing_lines": [], "excluded_lines": [], "start_line": 245}, "test_equal_token_slices_contiguous_and_covers_full_range": {"executed_lines": [255, 256, 257, 258, 259], "summary": {"covered_lines": 5, "num_statements": 5, "percent_covered": 100.0, "percent_covered_display": "100", "missing_lines": 0, "excluded_lines": 0, "percent_statements_covered": 100.0, "percent_statements_covered_display": "100"}, "missing_lines": [], "excluded_lines": [], "start_line": 252}, "test_equal_token_slices_drops_empty_when_more_slices_than_tokens": {"executed_lines": [265, 266, 268], "summary": {"covered_lines": 3, "num_statements": 3, "percent_covered": 100.0, "percent_covered_display": "100", "missing_lines": 0, "excluded_lines": 0, "percent_statements_covered": 100.0, "percent_statements_covered_display": "100"}, "missing_lines": [], "excluded_lines": [], "start_line": 262}, "test_equal_token_slices_n_one_returns_whole_doc": {"executed_lines": [272], "summary": {"covered_lines": 1, "num_statements": 1, "percent_covered": 100.0, "percent_covered_display": "100", "missing_lines": 0, "excluded_lines": 0, "percent_statements_covered": 100.0, "percent_statements_covered_display": "100"}, "missing_lines": [], "excluded_lines": [], "start_line": 271}, "test_equal_token_slices_rejects_zero_or_negative_n": {"executed_lines": [276, 277, 278, 279], "summary": {"covered_lines": 4, "num_statements": 4, "percent_covered": 100.0, "percent_covered_display": "100", "missing_lines": 0, "excluded_lines": 0, "percent_statements_covered": 100.0, "percent_statements_covered_display": "100"}, "missing_lines": [], "excluded_lines": [], "start_line": 275}, "test_equal_token_slices_sizes_balanced_within_one": {"executed_lines": [284, 285, 286], "summary": {"covered_lines": 3, "num_statements": 3, "percent_covered": 100.0, "percent_covered_display": "100", "missing_lines": 0, "excluded_lines": 0, "percent_statements_covered": 100.0, "percent_statements_covered_display": "100"}, "missing_lines": [], "excluded_lines": [], "start_line": 282}, "test_single_paper_sessions_one_paper_per_session": {"executed_lines": [292, 293, 294, 295, 296, 297, 298], "summary": {"covered_lines": 7, "num_statements": 7, "percent_covered": 100.0, "percent_covered_display": "100", "missing_lines": 0, "excluded_lines": 0, "percent_statements_covered": 100.0, "percent_statements_covered_display": "100"}, "missing_lines": [], "excluded_lines": [], "start_line": 290}, "test_single_paper_sessions_every_paper_appears_exactly_once": {"executed_lines": [304, 305, 306, 307, 308, 309, 310, 311, 312], "summary": {"covered_lines": 9, "num_statements": 9, "percent_covered": 100.0, "percent_covered_display": "100", "missing_lines": 0, "excluded_lines": 0, "percent_statements_covered": 100.0, "percent_statements_covered_display": "100"}, "missing_lines": [], "excluded_lines": [], "start_line": 301}, "test_single_paper_sessions_slices_are_contiguous": {"executed_lines": [317, 318, 319, 320, 321, 322, 323, 324, 325], "summary": {"covered_lin
[...]
vered": 100.0, "percent_covered_display": "100", "missing_lines": 0, "excluded_lines": 0, "percent_statements_covered": 100.0, "percent_statements_covered_display": "100"}, "missing_lines": [], "excluded_lines": [], "start_line": 65}, "FakeModel.__init__": {"executed_lines": [75, 76, 77, 78, 79], "summary": {"covered_lines": 5, "num_statements": 5, "percent_covered": 100.0, "percent_covered_display": "100", "missing_lines": 0, "excluded_lines": 0, "percent_statements_covered": 100.0, "percent_statements_covered_display": "100"}, "missing_lines": [], "excluded_lines": [], "start_line": 74}, "_freeze_except": {"executed_lines": [83, 84, 85, 88], "summary": {"covered_lines": 4, "num_statements": 4, "percent_covered": 100.0, "percent_covered_display": "100", "missing_lines": 0, "excluded_lines": 0, "percent_statements_covered": 100.0, "percent_statements_covered_display": "100"}, "missing_lines": [], "excluded_lines": [], "start_line": 82}, "test_param_groups_classify_and_count": {"executed_lines": [92, 93, 94, 98, 99, 100, 101, 102], "summary": {"covered_lines": 8, "num_statements": 8, "percent_covered": 100.0, "percent_covered_display": "100", "missing_lines": 0, "excluded_lines": 0, "percent_statements_covered": 100.0, "percent_statements_covered_display": "100"}, "missing_lines": [], "excluded_lines": [], "start_line": 91}, "test_param_groups_reject_unknown_trainable": {"executed_lines": [106, 107, 108, 109, 110], "summary": {"covered_lines": 5, "num_statements": 5, "percent_covered": 100.0, "percent_covered_display": "100", "missing_lines": 0, "excluded_lines": 0, "percent_statements_covered": 100.0, "percent_statements_covered_display": "100"}, "missing_lines": [], "excluded_lines": [], "start_line": 105}, "test_strip_peft_prefix": {"executed_lines": [115, 116], "summary": {"covered_lines": 2, "num_statements": 2, "percent_covered": 100.0, "percent_covered_display": "100", "missing_lines": 0, "excluded_lines": 0, "percent_statements_covered": 100.0, "percent_statements_covered_display": "100"}, "missing_lines": [], "excluded_lines": [], "start_line": 114}, "test_save_load_roundtrip_across_peft_wrapping": {"executed_lines": [122, 123, 124, 125, 126, 128, 129, 130, 131, 132, 134, 135, 136, 137, 139, 140], "summary": {"covered_lines": 16, "num_statements": 16, "percent_covered": 100.0, "percent_covered_display": "100", "missing_lines": 0, "excluded_lines": 0, "percent_statements_covered": 100.0, "percent_statements_covered_display": "100"}, "missing_lines": [], "excluded_lines": [], "start_line": 119}, "test_load_raises_on_layer_mismatch": {"executed_lines": [145, 146, 147, 149, 150, 154, 155], "summary": {"covered_lines": 7, "num_statements": 7, "percent_covered": 100.0, "percent_covered_display": "100", "missing_lines": 0, "excluded_lines": 0, "percent_statements_covered": 100.0, "percent_statements_covered_display": "100"}, "missing_lines": [], "excluded_lines": [], "start_line": 144}, "test_load_raises_on_layer_mismatch.Tiny.__init__": {"executed_lines": [151, 152], "summary": {"covered_lines": 2, "num_statements": 2, "percent_covered": 100.0, "percent_covered_display": "100", "missing_lines": 0, "excluded_lines": 0, "percent_statements_covered": 100.0, "percent_statements_covered_display": "100"}, "missing_lines": [], "excluded_lines": [], "start_line": 150}, "": {"executed_lines": [8, 10, 11, 12, 14, 18, 20, 21, 24, 29, 37, 44, 49, 58, 64, 65, 71, 74, 82, 91, 105, 114, 119, 144], "summary": {"covered_lines": 24, "num_statements": 24, "percent_covered": 100.0, "percent_covered_display": "100", "missing_lines": 0, "excluded_lines": 0, "percent_statements_covered": 100.0, "percent_statements_covered_display": "100"}, "missing_lines": [], "excluded_lines": [], "start_line": 1}}, "classes": {"FakeLayer": {"executed_lines": [66, 67, 68], "summary": {"covered_lines": 3, "num_statements": 3, "percent_covered": 100.0, "percent_covered_display": "100", "missing_lines": 0, "excluded_lines": 0, "percent_statements_covered": 100.0, "percent_statements_covered_display": "100"}, "missing_lines": [], "excluded_lines": [], "start_line": 64}, "FakeModel": {"executed_lines": [75, 76, 77, 78, 79], "summary": {"covered_lines": 5, "num_statements": 5, "percent_covered": 100.0, "percent_covered_display": "100", "missing_lines": 0, "excluded_lines": 0, "percent_statements_covered": 100.0, "percent_statements_covered_display": "100"}, "missing_lines": [], "excluded_lines": [], "start_line": 71}, "test_load_raises_on_layer_mismatch.Tiny": {"executed_lines": [151, 152], "summary": {"covered_lines": 2, "num_statements": 2, "percent_covered": 100.0, "percent_covered_display": "100", "missing_lines": 0, "excluded_lines": 0, "percent_statements_covered": 100.0, "percent_statements_covered_display": "100"}, "missing_lines": [], "excluded_lines": [], "start_line": 149}, "": {"executed_lines": [8, 10, 11, 12, 14, 18, 20, 21, 24, 25, 29, 30, 31, 32, 33, 34, 37, 40, 41, 44, 45, 46, 49, 52, 53, 54, 55, 58, 59, 60, 64, 65, 71, 74, 82, 83, 84, 85, 88, 91, 92, 93, 94, 98, 99, 100, 101, 102, 105, 106, 107, 108, 109, 110, 114, 115, 116, 119, 122, 123, 124, 125, 126, 128, 129, 130, 131, 132, 134, 135, 136, 137, 139, 140, 144, 145, 146, 147, 149, 150, 154, 155], "summary": {"covered_lines": 82, "num_statements": 82, "percent_covered": 100.0, "percent_covered_display": "100", "missing_lines": 0, "excluded_lines": 0, "percent_statements_covered": 100.0, "percent_statements_covered_display": "100"}, "missing_lines": [], "excluded_lines": [], "start_line": 1}}}, "train_modal.py": {"executed_lines": [], "summary": {"covered_lines": 0, "num_statements": 180, "percent_covered": 0.0, "percent_covered_display": "0", "missing_lines": 180, "excluded_lines": 0, "percent_statements_covered": 0.0, "percent_statements_covered_display": "0"}, "missing_lines": [20, 21, 22, 23, 25, 27, 35, 37, 58, 59, 61, 62, 69, 74, 79, 81, 82, 86, 87, 91, 92, 94, 95, 99, 101, 103, 105, 106, 112, 114, 117, 118, 119, 121, 125, 126, 130, 136, 137, 138, 139, 140, 141, 142, 143, 144, 145, 146, 147, 150, 151, 156, 157, 158, 159, 161, 166, 167, 173, 174, 180, 181, 186, 187, 190, 191, 196, 202, 203, 204, 209, 210, 215, 218, 222, 225, 226, 227, 228, 233, 234, 239, 244, 253, 254, 255, 256, 257, 259, 260, 261, 267, 270, 276, 277, 278, 283, 284, 287, 288, 292, 293, 294, 296, 297, 303, 304, 305, 307, 308, 309, 310, 311, 312, 313, 314, 318, 326, 330, 333, 334, 336, 337, 339, 340, 344, 345, 346, 347, 350, 351, 352, 372, 373, 376, 377, 378, 379, 381, 382, 395, 397, 398, 399, 400, 402, 403, 404, 405, 408, 409, 411, 412, 413, 414, 415, 421, 422, 425, 426, 428, 429, 431, 432, 438, 441, 442, 443, 444, 446, 447, 448, 449, 451, 452, 453, 454, 457, 458, 461], "excluded_lines": [], "functions": {"load_token_dataset": {"executed_lines": [], "summary": {"covered_lines": 0, "num_statements": 12, "percent_covered": 0.0, "percent_covered_display": "0", "missing_lines": 12, "excluded_lines": 0, "percent_statements_covered": 0.0, "percent_statements_covered_display": "0"}, "missing_lines": [79, 81, 82, 86, 87, 91, 92, 94, 101, 103, 105, 106], "excluded_lines": [], "start_line": 74}, "load_token_dataset.tokenize": {"executed_lines": [], "summary": {"covered_lines": 0, "num_statements": 2, "percent_covered": 0.0, "percent_covered_display": "0", "missing_lines": 2, "excluded_lines": 0, "percent_statements_covered": 0.0, "percent_statements_covered_display": "0"}, "missing_lines": [95, 99], "excluded_lines": [], "start_line": 94}, "train": {"executed_lines": [], "summary": {"covered_lines": 0, "num_statements": 119, "percent_covered": 0.0, "percent_covered_display": "0", "missing_lines": 119, "excluded_lines": 0, "percent_statements_covered": 0.0, "percent_statements_covered_display": "0"}, "missing_lines": [117, 118, 119, 121, 125, 126, 130, 136, 137, 138, 139, 140, 141, 142, 143, 144, 145, 146, 147, 150, 151, 156, 157, 158, 159, 161, 166, 167, 173, 174, 180, 181, 186, 187, 190, 191, 196, 202, 203, 204, 209, 210, 215, 218, 222, 225, 226, 227, 228, 233, 234, 239, 244, 253, 254, 255, 256, 257, 259, 260, 261, 267, 270, 276, 277, 278, 283, 284, 287, 288, 292, 293, 294, 296, 297, 303, 304, 305, 307, 308, 309, 310, 311, 312, 313, 314, 318, 326, 330, 333, 334, 336, 337, 339, 340, 344, 345, 346, 347, 350, 351, 352, 372, 373, 376, 377, 378, 379, 381, 382, 395, 397, 398, 399, 400, 402, 403, 404, 405], "excluded_lines": [], "start_line": 114}, "save_checkpoint": {"executed_lines": [], "summary": {"covered_lines": 0, "num_statements": 6, "percent_covered": 0.0, "percent_covered_display": "0", "missing_lines": 6, "excluded_lines": 0, "percent_statements_covered": 0.0, "percent_statements_covered_display": "0"}, "missing_lines": [409, 411, 412, 413, 414, 415], "excluded_lines": [], "start_line": 408}, "sanity_check": {"executed_lines": [], "summary": {"covered_lines": 0, "num_statements": 19, "percent_covered": 0.0, "percent_covered_display": "0", "missing_lines": 19, "excluded_lines": 0, "percent_statements_covered": 0.0, "percent_statements_covered_display": "0"}, "missing_lines": [425, 426, 428, 429, 431, 432, 438, 441, 442, 443, 444, 446, 447, 448, 449, 451, 452, 453, 454], "excluded_lines": [], "start_line": 422}, "main": {"executed_lines": [], "summary": {"covered_lines": 0, "num_statements": 1, "percent_covered": 0.0, "percent_covered_display": "0", "missing_lines": 1, "excluded_lines": 0, "percent_statements_covered": 0.0, "percent_statements_covered_display": "0"}, "missing_lines": [461], "excluded_lines": [], "start_line": 458}, "": {"executed_lines": [], "summary": {"covered_lines": 0, "num_statements": 21, "percent_covered": 0.0, "percent_covered_display": "0", "missing_lines": 21, "excluded_lines": 0, "percent_statements_covered": 0.0, "percent_statements_covered_display": "0"}, "missing_lines": [20, 21, 22, 23, 25, 27, 35, 37, 58, 59, 61, 62, 69, 74, 112, 114, 408, 421, 422, 457, 458], "excluded_lines": [], "start_line": 1}}, "classes": {"": {"executed_lines": [], "summary": {"covered_lines": 0, "num_statements": 180, "percent_covered": 0.0, "percent_covered_display": "0", "missing_lines": 180, "excluded_lines": 0, "percent_statements_covered": 0.0, "percent_statements_covered_display": "0"}, "missing_lines": [20, 21, 22, 23, 25, 27, 35, 37, 58, 59, 61, 62, 69, 74, 79, 81, 82, 86, 87, 91, 92, 94, 95, 99, 101, 103, 105, 106, 112, 114, 117, 118, 119, 121, 125, 126, 130, 136, 137, 138, 139, 140, 141, 142, 143, 144, 145, 146, 147, 150, 151, 156, 157, 158, 159, 161, 166, 167, 173, 174, 180, 181, 186, 187, 190, 191, 196, 202, 203, 204, 209, 210, 215, 218, 222, 225, 226, 227, 228, 233, 234, 239, 244, 253, 254, 255, 256, 257, 259, 260, 261, 267, 270, 276, 277, 278, 283, 284, 287, 288, 292, 293, 294, 296, 297, 303, 304, 305, 307, 308, 309, 310, 311, 312, 313, 314, 318, 326, 330, 333, 334, 336, 337, 339, 340, 344, 345, 346, 347, 350, 351, 352, 372, 373, 376, 377, 378, 379, 381, 382, 395, 397, 398, 399, 400, 402, 403, 404, 405, 408, 409, 411, 412, 413, 414, 415, 421, 422, 425, 426, 428, 429, 431, 432, 438, 441, 442, 443, 444, 446, 447, 448, 449, 451, 452, 453, 454, 457, 458, 461], "excluded_lines": [], "start_line": 1}}}, "train_utils.py": {"executed_lines": [5, 8, 9, 25, 26, 27, 30, 35, 36, 37, 38, 39, 40, 41, 44, 50, 51, 56, 57, 58, 63, 66, 76, 77, 78, 79, 80, 85, 104, 105, 106, 107, 108, 109, 110, 112, 113, 114, 115, 116, 119, 133, 134, 135, 136, 137, 140, 141, 142, 143, 146, 149, 156, 157, 158, 161, 187, 211, 213, 214, 217, 218, 220, 221, 222, 223, 224, 229, 230, 234, 236, 237, 238, 240, 241, 243, 244, 245, 247, 248, 249, 250, 253, 262, 263, 264, 265, 266], "summary": {"covered_lines": 88, "num_statements": 94, "percent_covered": 93.61702127659575, "percent_covered_display": "94", "missing_lines": 6, "excluded_lines": 0, "percent_statements_covered": 93.61702127659575, "percent_statements_covered_display": "94"}, "missing_lines": [164, 166, 167, 168, 172, 173], "excluded_lines": [], "functions": {"SessionItem.n_tokens": {"executed_lines": [27], "summary": {"covered_lines": 1, "num_statements": 1, "percent_covered": 100.0, "percent_covered_display": "100", "missing_lines": 0, "excluded_lines": 0, "percent_statements_covered": 100.0, "percent_statements_covered_display": "100"}, "missing_lines": [], "excluded_lines": [], "start_line": 26}, "make_session_schedule": {"executed_lines": [35, 36, 37, 38, 39, 40, 41], "summary": {"covered_lines": 7, "num_statements": 7, "percent_covered": 100.0, "percent_covered_display": "100", "missing_lines": 0, "excluded_lines": 0, "percent_statements_covered": 100.0, "percent_statements_covered_display": "100"}, "missing_lines": [], "excluded_lines": [], "start_line": 30}, "slice_doc": {"executed_lines": [50, 51, 56, 57, 58, 63], "summary": {"covered_lines": 6, "num_statements": 6, "percent_covered": 100.0, "percent_covered_display": "100", "missing_lines": 0, "excluded_lines": 0, "percent_statements_covered": 100.0, "percent_statements_covered_display": "100"}, "missing_lines": [], "excluded_lines": [], "start_line": 44}, "equal_token_slices": {"executed_lines": [76, 77, 78, 79, 80], "summary": {"covered_lines": 5, "num_statements": 5, "percent_covered": 100.0, "percent_covered_display": "100", "missing_lines": 0, "excluded_lines": 0, "percent_statements_covered": 100.0, "percent_statements_covered_display": "100"}, "missing_lines": [], "excluded_lines": [], "start_line": 66}, "build_session_items": {"executed_lines": [104, 105, 106, 107, 108, 109, 110, 112, 113, 114, 115, 116], "summary": {"covered_lines": 12, "num_statements": 12, "percent_covered": 100.0, "percent_covered_display": "100", "missing_lines": 0, "excluded_lines": 0, "percent_statements_covered": 100.0, "percent_statements_covered_display": "100"}, "missing_lines": [], "excluded_lines": [], "start_line": 85}, "make_single_paper_sessions": {"executed_lines": [133, 134, 135, 136, 137, 140, 141, 142, 143, 146], "summary": {"covered_lines": 10, "num_statements": 10, "percent_covered": 100.0, "percent_covered_display": "100", "missing_lines": 0, "excluded_lines": 0, "percent_statements_covered": 100.0, "percent_statements_covered_display": "100"}, "missing_lines": [], "excluded_lines": [], "start_line": 119}, "expected_items_per_doc": {"executed_lines": [156, 157, 158], "summary": {"covered_lines": 3, "num_statements": 3, "percent_covered": 100.0, "percent_covered_display": "100", "missing_lines": 0, "excluded_lines": 0, "percent_statements_covered": 100.0, "percent_statements_covered_display": "100"}, "missing_lines": [], "excluded_lines": [], "start_line": 149}, "grad_norms": {"executed_lines": [], "summary": {"covered_lines": 0, "num_statements": 6, "percent_covered": 0.0, "percent_covered_display": "0", "missing_lines": 6, "excluded_lines": 0, "percent_statements_covered": 0.0, "percent_statements_covered_display": "0"}, "missing_lines": [164, 166, 167, 168, 172, 173], "excluded_lines": [], "start_line": 161}, "build_common_token_mask": {"executed_lines": [211, 213, 214, 217, 218, 220, 221, 222, 223, 224, 229, 230, 234, 236, 237, 238, 240, 241, 243, 244, 245, 247, 248, 249, 250], "summary": {"covered_lines": 25, "num_statements": 25, "percent_covered": 100.0, "percent_covered_display": "100", "missing_lines": 0, "excluded_lines": 0, "percent_statements_covered": 100.0, "percent_statements_covered_display": "100"}, "missing_lines": [], "excluded_lines": [], "start_line": 187}, "apply_loss_mask": {"executed_lines": [262, 263, 264, 265, 266], "summary": {"covered_lines": 5, "num_statements": 5, "percent_covered": 100.0, "percent_covered_display": "100", "missing_lines": 0, "excluded_lines": 0, "percent_statements_covered": 100.0, "percent_statements_covered_display": "100"}, "missing_lines": [], "excluded_lines": [], "start_line": 253}, "": {"executed_lines": [5, 8, 9, 25, 26, 30, 44, 66, 85, 119, 149, 161, 187, 253], "summary": {"covered_lines": 14, "num_statements": 14, "percent_covered": 100.0, "percent_covered_display": "100", "missing_lines": 0, "excluded_lines": 0, "percent_statements_covered": 100.0, "percent_statements_covered_display": "100"}, "missing_lines": [], "excluded_lines": [], "start_line": 1}}, "classes": {"SessionItem": {"executed_lines": [27], "summary": {"covered_lines": 1, "num_statements": 1, "percent_covered": 100.0, "percent_covered_display": "100", "missing_lines": 0, "excluded_lines": 0, "percent_statements_covered": 100.0, "percent_statements_covered_display": "100"}, "missing_lines": [], "excluded_lines": [], "start_line": 9}, "": {"executed_lines": [5, 8, 9, 25, 26, 30, 35, 36, 37, 38, 39, 40, 41, 44, 50, 51, 56, 57, 58, 63, 66, 76, 77, 78, 79, 80, 85, 104, 105, 106, 107, 108, 109, 110, 112, 113, 114, 115, 116, 119, 133, 134, 135, 136, 137, 140, 141, 142, 143, 146, 149, 156, 157, 158, 161, 187, 211, 213, 214, 217, 218, 220, 221, 222, 223, 224, 229, 230, 234, 236, 237, 238, 240, 241, 243, 244, 245, 247, 248, 249, 250, 253, 262, 263, 264, 265, 266], "summary": {"covered_lines": 87, "num_statements": 93, "percent_covered": 93.54838709677419, "percent_covered_display": "94", "missing_lines": 6, "excluded_lines": 0, "percent_statements_covered": 93.54838709677419, "percent_statements_covered_display": "94"}, "missing_lines": [164, 166, 167, 168, 172, 173], "excluded_lines": [], "start_line": 1}}}, "ttt_config.py": {"executed_lines": [9, 15, 16, 18, 19, 26, 28, 29, 34, 36, 39, 43, 46, 47, 50, 58, 63, 67, 71, 79, 80, 81, 84, 85, 88, 89, 90, 92, 93, 101, 102, 103, 105, 106, 107, 108, 109, 112, 113, 114, 121, 122, 123, 135, 136, 137, 138, 149, 150, 151, 164, 165, 167, 168, 169, 170, 175, 176, 177, 180, 181], "summary": {"covered_lines": 61, "num_statements": 61, "percent_covered": 100.0, "percent_covered_display": "100", "missing_lines": 0, "excluded_lines": 0, "percent_statements_covered": 100.0, "percent_statements_covered_display": "100"}, "missing_lines": [], "excluded_lines": [], "functions": {"": {"executed_lines": [9, 15, 16, 18, 19, 26, 28, 29, 34, 36, 39, 43, 46, 47, 50, 58, 63, 67, 71, 79, 80, 81, 84, 85, 88, 89, 90, 92, 93, 101, 102, 103, 105, 106, 107, 108, 109, 112, 113, 114, 121, 122, 123, 135, 136, 137, 138, 149, 150, 151, 164, 165, 167, 168, 169, 170, 175, 176, 177, 180, 181], "summary": {"covered_lines": 61, "num_statements": 61, "percent_covered": 100.0, "percent_covered_display": "100", "missing_lines": 0, "excluded_lines": 0, "percent_statements_covered": 100.0, "percent_statements_covered_display": "100"}, "missing_lines": [], "excluded_lines": [], "start_line": 1}}, "classes": {"TTTConfig": {"executed_lines": [], "summary": {"covered_lines": 0, "num_statements": 0, "percent_covered": 100.0, "percent_covered_display": "100", "missing_lines": 0, "excluded_lines": 0, "percent_statements_covered": 100.0, "percent_statements_covered_display": "100"}, "missing_lines": [], "excluded_lines": [], "start_line": 47}, "TrainConfig": {"executed_lines": [], "summary": {"covered_lines": 0, "num_statements": 0, "percent_covered": 100.0, "percent_covered_display": "100", "missing_lines": 0, "excluded_lines": 0, "percent_statements_covered": 100.0, "percent_statements_covered_display": "100"}, "missing_lines": [], "excluded_lines": [], "start_line": 85}, "": {"executed_lines": [9, 15, 16, 18, 19, 26, 28, 29, 34, 36, 39, 43, 46, 47, 50, 58, 63, 67, 71, 79, 80, 81, 84, 85, 88, 89, 90, 92, 93, 101, 102, 103, 105, 106, 107, 108, 109, 112, 113, 114, 121, 122, 123, 135, 136, 137, 138, 149, 150, 151, 164, 165, 167, 168, 169, 170, 175, 176, 177, 180, 181], "summary": {"covered_lines": 61, "num_statements": 61, "percent_covered": 100.0, "percent_covered_display": "100", "missing_lines": 0, "excluded_lines": 0, "percent_statements_covered": 100.0, "percent_statements_covered_display": "100"}, "missing_lines": [], "excluded_lines": [], "start_line": 1}}}}, "totals": {"covered_lines": 1081, "num_statements": 1759, "percent_covered": 61.45537237066515, "percent_covered_display": "61", "missing_lines": 678, "excluded_lines": 0, "percent_statements_covered": 61.45537237066515, "percent_statements_covered_display": "61"}}